mode: atomic
github.com/ErwinsExpertise/go-battleclank/config/config.go:89.45,91.16 2 0
github.com/ErwinsExpertise/go-battleclank/config/config.go:91.16,93.3 1 0
github.com/ErwinsExpertise/go-battleclank/config/config.go:95.2,97.16 3 0
github.com/ErwinsExpertise/go-battleclank/config/config.go:97.16,99.3 1 0
github.com/ErwinsExpertise/go-battleclank/config/config.go:101.2,101.21 1 0
github.com/ErwinsExpertise/go-battleclank/config/config.go:105.26,106.17 1 0
github.com/ErwinsExpertise/go-battleclank/config/config.go:106.17,109.23 2 0
github.com/ErwinsExpertise/go-battleclank/config/config.go:109.23,111.4 1 0
github.com/ErwinsExpertise/go-battleclank/config/config.go:113.3,114.17 2 0
github.com/ErwinsExpertise/go-battleclank/config/config.go:114.17,117.4 2 0
github.com/ErwinsExpertise/go-battleclank/config/config.go:119.3,121.50 2 0
github.com/ErwinsExpertise/go-battleclank/config/config.go:124.2,124.21 1 0
github.com/ErwinsExpertise/go-battleclank/config/config.go:128.33,182.2 43 0
github.com/ErwinsExpertise/go-battleclank/config/config.go:185.46,187.16 2 0
github.com/ErwinsExpertise/go-battleclank/config/config.go:187.16,189.3 1 0
github.com/ErwinsExpertise/go-battleclank/config/config.go:191.2,191.47 1 0
github.com/ErwinsExpertise/go-battleclank/cmd/benchmark/main.go:12.13,29.14 13 0
github.com/ErwinsExpertise/go-battleclank/cmd/benchmark/main.go:29.14,31.3 1 0
github.com/ErwinsExpertise/go-battleclank/cmd/benchmark/main.go:31.8,33.3 1 0
github.com/ErwinsExpertise/go-battleclank/cmd/benchmark/main.go:36.119,64.37 10 0
github.com/ErwinsExpertise/go-battleclank/cmd/benchmark/main.go:64.37,65.19 1 0
github.com/ErwinsExpertise/go-battleclank/cmd/benchmark/main.go:65.19,75.4 2 0
github.com/ErwinsExpertise/go-battleclank/cmd/benchmark/main.go:78.2,79.35 2 0
github.com/ErwinsExpertise/go-battleclank/cmd/benchmark/main.go:82.79,97.35 5 0
github.com/ErwinsExpertise/go-battleclank/cmd/benchmark/main.go:97.35,118.3 8 0
github.com/ErwinsExpertise/go-battleclank/cmd/benchmark/main.go:121.2,129.35 6 0
github.com/ErwinsExpertise/go-battleclank/cmd/benchmark/main.go:129.35,135.3 3 0
github.com/ErwinsExpertise/go-battleclank/cmd/benchmark/main.go:138.2,141.40 3 0
github.com/ErwinsExpertise/go-battleclank/cmd/benchmark/main.go:141.40,143.28 2 0
github.com/ErwinsExpertise/go-battleclank/cmd/benchmark/main.go:143.28,146.4 2 0
github.com/ErwinsExpertise/go-battleclank/cmd/benchmark/main.go:149.2,149.91 1 0
github.com/ErwinsExpertise/go-battleclank/algorithms/search/greedy.go:32.38,43.2 1 0
github.com/ErwinsExpertise/go-battleclank/algorithms/search/greedy.go:46.68,50.40 3 0
github.com/ErwinsExpertise/go-battleclank/algorithms/search/greedy.go:50.40,52.24 2 0
github.com/ErwinsExpertise/go-battleclank/algorithms/search/greedy.go:52.24,55.4 2 0
github.com/ErwinsExpertise/go-battleclank/algorithms/search/greedy.go:58.2,58.17 1 0
github.com/ErwinsExpertise/go-battleclank/algorithms/search/greedy.go:62.79,68.79 4 0
github.com/ErwinsExpertise/go-battleclank/algorithms/search/greedy.go:68.79,70.3 1 0
github.com/ErwinsExpertise/go-battleclank/algorithms/search/greedy.go:74.2,83.48 6 0
github.com/ErwinsExpertise/go-battleclank/algorithms/search/greedy.go:83.48,86.3 1 0
github.com/ErwinsExpertise/go-battleclank/algorithms/search/greedy.go:90.2,103.60 8 0
github.com/ErwinsExpertise/go-battleclank/algorithms/search/greedy.go:103.60,105.3 1 0
github.com/ErwinsExpertise/go-battleclank/algorithms/search/greedy.go:107.2,114.32 4 0
github.com/ErwinsExpertise/go-battleclank/algorithms/search/greedy.go:114.32,116.3 1 0
github.com/ErwinsExpertise/go-battleclank/algorithms/search/greedy.go:119.2,119.62 1 0
github.com/ErwinsExpertise/go-battleclank/algorithms/search/greedy.go:119.62,121.3 1 0
github.com/ErwinsExpertise/go-battleclank/algorithms/search/greedy.go:123.2,128.40 3 0
github.com/ErwinsExpertise/go-battleclank/algorithms/search/greedy.go:128.40,129.49 1 0
github.com/ErwinsExpertise/go-battleclank/algorithms/search/greedy.go:129.49,131.9 2 0
github.com/ErwinsExpertise/go-battleclank/algorithms/search/greedy.go:135.2,135.17 1 0
github.com/ErwinsExpertise/go-battleclank/algorithms/search/greedy.go:135.17,139.13 2 0
github.com/ErwinsExpertise/go-battleclank/algorithms/search/greedy.go:139.13,142.48 2 0
github.com/ErwinsExpertise/go-battleclank/algorithms/search/greedy.go:142.48,144.5 1 0
github.com/ErwinsExpertise/go-battleclank/algorithms/search/greedy.go:144.10,144.50 1 0
github.com/ErwinsExpertise/go-battleclank/algorithms/search/greedy.go:144.50,146.5 1 0
github.com/ErwinsExpertise/go-battleclank/algorithms/search/greedy.go:147.4,147.28 1 0
github.com/ErwinsExpertise/go-battleclank/algorithms/search/greedy.go:153.2,166.46 7 0
github.com/ErwinsExpertise/go-battleclank/algorithms/search/greedy.go:166.46,168.3 1 0
github.com/ErwinsExpertise/go-battleclank/algorithms/search/greedy.go:168.8,168.48 1 0
github.com/ErwinsExpertise/go-battleclank/algorithms/search/greedy.go:168.48,170.3 1 0
github.com/ErwinsExpertise/go-battleclank/algorithms/search/greedy.go:173.2,173.28 1 0
github.com/ErwinsExpertise/go-battleclank/algorithms/search/greedy.go:173.28,175.3 1 0
github.com/ErwinsExpertise/go-battleclank/algorithms/search/greedy.go:176.2,181.28 4 0
github.com/ErwinsExpertise/go-battleclank/algorithms/search/greedy.go:181.28,183.3 1 0
github.com/ErwinsExpertise/go-battleclank/algorithms/search/greedy.go:187.2,187.61 1 0
github.com/ErwinsExpertise/go-battleclank/algorithms/search/greedy.go:187.61,190.24 2 0
github.com/ErwinsExpertise/go-battleclank/algorithms/search/greedy.go:190.24,192.45 2 0
github.com/ErwinsExpertise/go-battleclank/algorithms/search/greedy.go:192.45,193.33 1 0
github.com/ErwinsExpertise/go-battleclank/algorithms/search/greedy.go:193.33,195.11 2 0
github.com/ErwinsExpertise/go-battleclank/algorithms/search/greedy.go:198.4,198.33 1 0
github.com/ErwinsExpertise/go-battleclank/algorithms/search/greedy.go:198.33,200.5 1 0
github.com/ErwinsExpertise/go-battleclank/algorithms/search/greedy.go:204.2,207.77 2 0
github.com/ErwinsExpertise/go-battleclank/algorithms/search/greedy.go:207.77,210.23 3 0
github.com/ErwinsExpertise/go-battleclank/algorithms/search/greedy.go:210.23,212.4 1 0
github.com/ErwinsExpertise/go-battleclank/algorithms/search/greedy.go:213.3,213.33 1 0
github.com/ErwinsExpertise/go-battleclank/algorithms/search/greedy.go:217.2,217.33 1 0
github.com/ErwinsExpertise/go-battleclank/algorithms/search/greedy.go:217.33,220.3 2 0
github.com/ErwinsExpertise/go-battleclank/algorithms/search/greedy.go:223.2,227.62 3 0
github.com/ErwinsExpertise/go-battleclank/algorithms/search/greedy.go:227.62,231.3 3 0
github.com/ErwinsExpertise/go-battleclank/algorithms/search/greedy.go:235.2,235.87 1 0
github.com/ErwinsExpertise/go-battleclank/algorithms/search/greedy.go:235.87,239.3 2 0
github.com/ErwinsExpertise/go-battleclank/algorithms/search/greedy.go:242.2,242.21 1 0
github.com/ErwinsExpertise/go-battleclank/algorithms/search/greedy.go:242.21,244.42 2 0
github.com/ErwinsExpertise/go-battleclank/algorithms/search/greedy.go:244.42,246.4 1 0
github.com/ErwinsExpertise/go-battleclank/algorithms/search/greedy.go:247.3,247.25 1 0
github.com/ErwinsExpertise/go-battleclank/algorithms/search/greedy.go:248.8,248.28 1 0
github.com/ErwinsExpertise/go-battleclank/algorithms/search/greedy.go:248.28,251.3 1 0
github.com/ErwinsExpertise/go-battleclank/algorithms/search/greedy.go:254.2,255.25 2 0
github.com/ErwinsExpertise/go-battleclank/algorithms/search/greedy.go:255.25,257.3 1 0
github.com/ErwinsExpertise/go-battleclank/algorithms/search/greedy.go:257.8,257.32 1 0
github.com/ErwinsExpertise/go-battleclank/algorithms/search/greedy.go:257.32,259.3 1 0
github.com/ErwinsExpertise/go-battleclank/algorithms/search/greedy.go:259.8,259.32 1 0
github.com/ErwinsExpertise/go-battleclank/algorithms/search/greedy.go:259.32,261.3 1 0
github.com/ErwinsExpertise/go-battleclank/algorithms/search/greedy.go:264.2,265.43 2 0
github.com/ErwinsExpertise/go-battleclank/algorithms/search/greedy.go:265.43,266.31 1 0
github.com/ErwinsExpertise/go-battleclank/algorithms/search/greedy.go:266.31,267.39 1 0
github.com/ErwinsExpertise/go-battleclank/algorithms/search/greedy.go:267.39,269.5 1 0
github.com/ErwinsExpertise/go-battleclank/algorithms/search/greedy.go:272.2,272.25 1 0
github.com/ErwinsExpertise/go-battleclank/algorithms/search/greedy.go:272.25,274.3 1 0
github.com/ErwinsExpertise/go-battleclank/algorithms/search/greedy.go:277.2,277.27 1 0
github.com/ErwinsExpertise/go-battleclank/algorithms/search/greedy.go:277.27,279.3 1 0
github.com/ErwinsExpertise/go-battleclank/algorithms/search/greedy.go:281.2,281.14 1 0
github.com/ErwinsExpertise/go-battleclank/algorithms/search/greedy.go:286.64,289.43 2 0
github.com/ErwinsExpertise/go-battleclank/algorithms/search/greedy.go:289.43,290.31 1 0
github.com/ErwinsExpertise/go-battleclank/algorithms/search/greedy.go:290.31,291.12 1 0
github.com/ErwinsExpertise/go-battleclank/algorithms/search/greedy.go:294.3,295.21 2 0
github.com/ErwinsExpertise/go-battleclank/algorithms/search/greedy.go:295.21,297.4 1 0
github.com/ErwinsExpertise/go-battleclank/algorithms/search/greedy.go:300.2,300.14 1 0
github.com/ErwinsExpertise/go-battleclank/algorithms/search/greedy.go:303.79,309.18 5 0
github.com/ErwinsExpertise/go-battleclank/algorithms/search/greedy.go:309.18,311.3 1 0
github.com/ErwinsExpertise/go-battleclank/algorithms/search/greedy.go:312.2,312.49 1 0
github.com/ErwinsExpertise/go-battleclank/algorithms/search/greedy.go:315.67,317.40 2 0
github.com/ErwinsExpertise/go-battleclank/algorithms/search/greedy.go:317.40,319.80 2 0
github.com/ErwinsExpertise/go-battleclank/algorithms/search/greedy.go:319.80,321.4 1 0
github.com/ErwinsExpertise/go-battleclank/algorithms/search/greedy.go:323.2,323.14 1 0
github.com/ErwinsExpertise/go-battleclank/algorithms/search/greedy.go:326.77,333.35 6 0
github.com/ErwinsExpertise/go-battleclank/algorithms/search/greedy.go:333.35,335.3 1 0
github.com/ErwinsExpertise/go-battleclank/algorithms/search/greedy.go:336.2,336.36 1 0
github.com/ErwinsExpertise/go-battleclank/algorithms/search/greedy.go:336.36,338.3 1 0
github.com/ErwinsExpertise/go-battleclank/algorithms/search/greedy.go:339.2,339.33 1 0
github.com/ErwinsExpertise/go-battleclank/algorithms/search/greedy.go:339.33,341.3 1 0
github.com/ErwinsExpertise/go-battleclank/algorithms/search/greedy.go:343.2,344.23 2 0
github.com/ErwinsExpertise/go-battleclank/algorithms/search/greedy.go:345.9,346.16 1 0
github.com/ErwinsExpertise/go-battleclank/algorithms/search/greedy.go:347.9,348.16 1 0
github.com/ErwinsExpertise/go-battleclank/algorithms/search/greedy.go:349.9,350.16 1 0
github.com/ErwinsExpertise/go-battleclank/algorithms/search/greedy.go:351.9,352.16 1 0
github.com/ErwinsExpertise/go-battleclank/algorithms/search/greedy.go:353.10,354.16 1 0
github.com/ErwinsExpertise/go-battleclank/algorithms/search/greedy.go:358.2,359.23 2 0
github.com/ErwinsExpertise/go-battleclank/algorithms/search/greedy.go:359.23,361.3 1 0
github.com/ErwinsExpertise/go-battleclank/algorithms/search/greedy.go:362.2,362.24 1 0
github.com/ErwinsExpertise/go-battleclank/algorithms/search/greedy.go:362.24,364.3 1 0
github.com/ErwinsExpertise/go-battleclank/algorithms/search/greedy.go:365.2,365.25 1 0
github.com/ErwinsExpertise/go-battleclank/algorithms/search/greedy.go:365.25,367.3 1 0
github.com/ErwinsExpertise/go-battleclank/algorithms/search/greedy.go:368.2,368.22 1 0
github.com/ErwinsExpertise/go-battleclank/algorithms/search/greedy.go:368.22,370.3 1 0
github.com/ErwinsExpertise/go-battleclank/algorithms/search/greedy.go:372.2,372.22 1 0
github.com/ErwinsExpertise/go-battleclank/algorithms/search/greedy.go:372.22,374.3 1 0
github.com/ErwinsExpertise/go-battleclank/algorithms/search/greedy.go:376.2,376.16 1 0
github.com/ErwinsExpertise/go-battleclank/algorithms/search/greedy.go:381.123,383.21 1 0
github.com/ErwinsExpertise/go-battleclank/algorithms/search/greedy.go:383.21,385.2 1 0
github.com/ErwinsExpertise/go-battleclank/algorithms/search/greedy.go:387.1,390.42 2 0
github.com/ErwinsExpertise/go-battleclank/algorithms/search/greedy.go:390.42,391.29 1 0
github.com/ErwinsExpertise/go-battleclank/algorithms/search/greedy.go:391.29,392.9 1 0
github.com/ErwinsExpertise/go-battleclank/algorithms/search/greedy.go:396.1,396.37 1 0
github.com/ErwinsExpertise/go-battleclank/algorithms/search/greedy.go:396.37,397.9 1 0
github.com/ErwinsExpertise/go-battleclank/algorithms/search/greedy.go:401.1,404.21 2 0
github.com/ErwinsExpertise/go-battleclank/algorithms/search/greedy.go:404.21,406.2 1 0
github.com/ErwinsExpertise/go-battleclank/algorithms/search/greedy.go:409.1,417.23 5 0
github.com/ErwinsExpertise/go-battleclank/algorithms/search/greedy.go:417.23,420.25 2 0
github.com/ErwinsExpertise/go-battleclank/algorithms/search/greedy.go:420.25,422.2 1 0
github.com/ErwinsExpertise/go-battleclank/algorithms/search/greedy.go:425.1,426.21 2 0
github.com/ErwinsExpertise/go-battleclank/algorithms/search/greedy.go:426.21,428.2 1 0
github.com/ErwinsExpertise/go-battleclank/algorithms/search/greedy.go:432.1,432.17 1 0
github.com/ErwinsExpertise/go-battleclank/algorithms/search/greedy.go:436.95,449.42 2 0
github.com/ErwinsExpertise/go-battleclank/algorithms/search/greedy.go:449.42,450.29 1 0
github.com/ErwinsExpertise/go-battleclank/algorithms/search/greedy.go:450.29,465.2 5 0
github.com/ErwinsExpertise/go-battleclank/algorithms/search/greedy.go:465.7,468.2 1 0
github.com/ErwinsExpertise/go-battleclank/algorithms/search/greedy.go:471.1,471.16 1 0
github.com/ErwinsExpertise/go-battleclank/algorithms/search/greedy.go:474.46,476.11 2 0
github.com/ErwinsExpertise/go-battleclank/algorithms/search/greedy.go:476.11,478.2 1 0
github.com/ErwinsExpertise/go-battleclank/algorithms/search/greedy.go:479.1,480.11 2 0
github.com/ErwinsExpertise/go-battleclank/algorithms/search/greedy.go:480.11,482.2 1 0
github.com/ErwinsExpertise/go-battleclank/algorithms/search/greedy.go:483.1,483.15 1 0
github.com/ErwinsExpertise/go-battleclank/algorithms/search/greedy.go:487.105,488.33 1 0
github.com/ErwinsExpertise/go-battleclank/algorithms/search/greedy.go:488.33,490.2 1 0
github.com/ErwinsExpertise/go-battleclank/algorithms/search/greedy.go:492.1,498.42 4 0
github.com/ErwinsExpertise/go-battleclank/algorithms/search/greedy.go:498.42,499.29 1 0
github.com/ErwinsExpertise/go-battleclank/algorithms/search/greedy.go:499.29,500.9 1 0
github.com/ErwinsExpertise/go-battleclank/algorithms/search/greedy.go:503.1,505.13 3 0
github.com/ErwinsExpertise/go-battleclank/algorithms/search/greedy.go:508.1,508.20 1 0
github.com/ErwinsExpertise/go-battleclank/algorithms/search/greedy.go:508.20,510.2 1 0
github.com/ErwinsExpertise/go-battleclank/algorithms/search/greedy.go:512.1,516.42 3 0
github.com/ErwinsExpertise/go-battleclank/algorithms/search/greedy.go:516.42,519.2 2 0
github.com/ErwinsExpertise/go-battleclank/algorithms/search/greedy.go:522.1,522.49 1 0
github.com/ErwinsExpertise/go-battleclank/algorithms/search/greedy.go:522.49,524.2 1 0
github.com/ErwinsExpertise/go-battleclank/algorithms/search/greedy.go:526.1,526.13 1 0
github.com/ErwinsExpertise/go-battleclank/algorithms/search/greedy.go:531.85,534.42 2 0
github.com/ErwinsExpertise/go-battleclank/algorithms/search/greedy.go:534.42,535.29 1 0
github.com/ErwinsExpertise/go-battleclank/algorithms/search/greedy.go:535.29,536.9 1 0
github.com/ErwinsExpertise/go-battleclank/algorithms/search/greedy.go:540.1,540.37 1 0
github.com/ErwinsExpertise/go-battleclank/algorithms/search/greedy.go:540.37,541.9 1 0
github.com/ErwinsExpertise/go-battleclank/algorithms/search/greedy.go:544.1,548.13 3 0
github.com/ErwinsExpertise/go-battleclank/algorithms/search/greedy.go:549.8,550.21 1 0
github.com/ErwinsExpertise/go-battleclank/algorithms/search/greedy.go:551.8,552.20 1 0
github.com/ErwinsExpertise/go-battleclank/algorithms/search/greedy.go:553.8,554.20 1 0
github.com/ErwinsExpertise/go-battleclank/algorithms/search/greedy.go:555.8,556.20 1 0
github.com/ErwinsExpertise/go-battleclank/algorithms/search/greedy.go:559.1,559.22 1 0
github.com/ErwinsExpertise/go-battleclank/algorithms/search/greedy.go:562.1,562.13 1 0
github.com/ErwinsExpertise/go-battleclank/algorithms/search/hybrid.go:16.38,22.2 1 0
github.com/ErwinsExpertise/go-battleclank/algorithms/search/hybrid.go:25.68,31.31 3 0
github.com/ErwinsExpertise/go-battleclank/algorithms/search/hybrid.go:31.31,33.41 1 0
github.com/ErwinsExpertise/go-battleclank/algorithms/search/hybrid.go:33.41,35.4 1 0
github.com/ErwinsExpertise/go-battleclank/algorithms/search/hybrid.go:39.2,39.53 1 0
github.com/ErwinsExpertise/go-battleclank/algorithms/search/hybrid.go:39.53,42.17 2 0
github.com/ErwinsExpertise/go-battleclank/algorithms/search/hybrid.go:42.17,44.4 1 0
github.com/ErwinsExpertise/go-battleclank/algorithms/search/hybrid.go:48.2,48.37 1 0
github.com/ErwinsExpertise/go-battleclank/algorithms/search/hybrid.go:52.79,54.2 1 0
github.com/ErwinsExpertise/go-battleclank/algorithms/search/hybrid.go:57.56,62.30 3 0
github.com/ErwinsExpertise/go-battleclank/algorithms/search/hybrid.go:62.30,64.3 1 0
github.com/ErwinsExpertise/go-battleclank/algorithms/search/hybrid.go:67.2,67.31 1 0
github.com/ErwinsExpertise/go-battleclank/algorithms/search/hybrid.go:67.31,69.3 1 0
github.com/ErwinsExpertise/go-battleclank/algorithms/search/hybrid.go:72.2,72.14 1 0
github.com/ErwinsExpertise/go-battleclank/algorithms/search/hybrid.go:76.55,80.21 2 0
github.com/ErwinsExpertise/go-battleclank/algorithms/search/hybrid.go:80.21,82.3 1 0
github.com/ErwinsExpertise/go-battleclank/algorithms/search/hybrid.go:85.2,87.22 3 0
github.com/ErwinsExpertise/go-battleclank/algorithms/search/hybrid.go:87.22,89.3 1 0
github.com/ErwinsExpertise/go-battleclank/algorithms/search/hybrid.go:92.2,93.43 2 0
github.com/ErwinsExpertise/go-battleclank/algorithms/search/hybrid.go:93.43,94.25 1 0
github.com/ErwinsExpertise/go-battleclank/algorithms/search/hybrid.go:94.25,95.12 1 0
github.com/ErwinsExpertise/go-battleclank/algorithms/search/hybrid.go:97.3,98.16 2 0
github.com/ErwinsExpertise/go-battleclank/algorithms/search/hybrid.go:98.16,100.4 1 0
github.com/ErwinsExpertise/go-battleclank/algorithms/search/hybrid.go:102.2,102.24 1 0
github.com/ErwinsExpertise/go-battleclank/algorithms/search/hybrid.go:102.24,104.3 1 0
github.com/ErwinsExpertise/go-battleclank/algorithms/search/hybrid.go:106.2,106.17 1 0
github.com/ErwinsExpertise/go-battleclank/algorithms/search/hybrid.go:110.80,117.31 5 0
github.com/ErwinsExpertise/go-battleclank/algorithms/search/hybrid.go:117.31,118.41 1 0
github.com/ErwinsExpertise/go-battleclank/algorithms/search/hybrid.go:118.41,121.4 2 0
github.com/ErwinsExpertise/go-battleclank/algorithms/search/hybrid.go:121.9,123.4 1 0
github.com/ErwinsExpertise/go-battleclank/algorithms/search/hybrid.go:124.8,124.60 1 0
github.com/ErwinsExpertise/go-battleclank/algorithms/search/hybrid.go:124.60,127.17 3 0
github.com/ErwinsExpertise/go-battleclank/algorithms/search/hybrid.go:127.17,130.4 2 0
github.com/ErwinsExpertise/go-battleclank/algorithms/search/hybrid.go:131.8,133.3 1 0
github.com/ErwinsExpertise/go-battleclank/algorithms/search/hybrid.go:135.2,135.23 1 0
github.com/ErwinsExpertise/go-battleclank/algorithms/search/lookahead.go:19.53,25.2 1 0
github.com/ErwinsExpertise/go-battleclank/algorithms/search/lookahead.go:28.71,33.40 3 0
github.com/ErwinsExpertise/go-battleclank/algorithms/search/lookahead.go:33.40,34.57 1 0
github.com/ErwinsExpertise/go-battleclank/algorithms/search/lookahead.go:34.57,35.12 1 0
github.com/ErwinsExpertise/go-battleclank/algorithms/search/lookahead.go:38.3,40.24 2 0
github.com/ErwinsExpertise/go-battleclank/algorithms/search/lookahead.go:40.24,43.4 2 0
github.com/ErwinsExpertise/go-battleclank/algorithms/search/lookahead.go:46.2,46.17 1 0
github.com/ErwinsExpertise/go-battleclank/algorithms/search/lookahead.go:50.105,52.25 1 0
github.com/ErwinsExpertise/go-battleclank/algorithms/search/lookahead.go:52.25,55.3 1 0
github.com/ErwinsExpertise/go-battleclank/algorithms/search/lookahead.go:58.2,61.39 2 0
github.com/ErwinsExpertise/go-battleclank/algorithms/search/lookahead.go:61.39,63.3 1 0
github.com/ErwinsExpertise/go-battleclank/algorithms/search/lookahead.go:66.2,66.27 1 0
github.com/ErwinsExpertise/go-battleclank/algorithms/search/lookahead.go:66.27,68.3 1 0
github.com/ErwinsExpertise/go-battleclank/algorithms/search/lookahead.go:72.2,74.14 2 0
github.com/ErwinsExpertise/go-battleclank/algorithms/search/lookahead.go:78.92,91.14 5 0
github.com/ErwinsExpertise/go-battleclank/algorithms/search/lookahead.go:91.14,93.3 1 0
github.com/ErwinsExpertise/go-battleclank/algorithms/search/lookahead.go:96.2,100.48 3 0
github.com/ErwinsExpertise/go-battleclank/algorithms/search/lookahead.go:100.48,102.3 1 0
github.com/ErwinsExpertise/go-battleclank/algorithms/search/lookahead.go:104.2,104.14 1 0
github.com/ErwinsExpertise/go-battleclank/algorithms/search/lookahead.go:108.59,109.43 1 0
github.com/ErwinsExpertise/go-battleclank/algorithms/search/lookahead.go:109.43,110.26 1 0
github.com/ErwinsExpertise/go-battleclank/algorithms/search/lookahead.go:110.26,113.4 1 0
github.com/ErwinsExpertise/go-battleclank/algorithms/search/lookahead.go:115.2,115.14 1 0
github.com/ErwinsExpertise/go-battleclank/algorithms/search/lookahead.go:119.60,123.43 3 0
github.com/ErwinsExpertise/go-battleclank/algorithms/search/lookahead.go:123.43,124.31 1 0
github.com/ErwinsExpertise/go-battleclank/algorithms/search/lookahead.go:124.31,127.4 2 0
github.com/ErwinsExpertise/go-battleclank/algorithms/search/lookahead.go:130.2,130.16 1 0
github.com/ErwinsExpertise/go-battleclank/algorithms/search/lookahead.go:130.16,132.3 1 0
github.com/ErwinsExpertise/go-battleclank/algorithms/search/lookahead.go:134.2,134.46 1 0
github.com/ErwinsExpertise/go-battleclank/algorithms/search/lookahead.go:138.82,140.2 1 0
github.com/ErwinsExpertise/go-battleclank/algorithms/search/mcts.go:23.74,32.2 1 0
github.com/ErwinsExpertise/go-battleclank/algorithms/search/mcts.go:46.66,56.72 4 0
github.com/ErwinsExpertise/go-battleclank/algorithms/search/mcts.go:56.72,70.3 5 0
github.com/ErwinsExpertise/go-battleclank/algorithms/search/mcts.go:73.2,73.29 1 0
github.com/ErwinsExpertise/go-battleclank/algorithms/search/mcts.go:77.59,81.66 2 0
github.com/ErwinsExpertise/go-battleclank/algorithms/search/mcts.go:81.66,83.3 1 0
github.com/ErwinsExpertise/go-battleclank/algorithms/search/mcts.go:85.2,85.16 1 0
github.com/ErwinsExpertise/go-battleclank/algorithms/search/mcts.go:89.64,93.38 3 0
github.com/ErwinsExpertise/go-battleclank/algorithms/search/mcts.go:93.38,99.24 4 0
github.com/ErwinsExpertise/go-battleclank/algorithms/search/mcts.go:99.24,102.4 2 0
github.com/ErwinsExpertise/go-battleclank/algorithms/search/mcts.go:105.2,105.18 1 0
github.com/ErwinsExpertise/go-battleclank/algorithms/search/mcts.go:109.55,111.33 1 0
github.com/ErwinsExpertise/go-battleclank/algorithms/search/mcts.go:111.33,113.3 1 0
github.com/ErwinsExpertise/go-battleclank/algorithms/search/mcts.go:116.2,135.14 7 0
github.com/ErwinsExpertise/go-battleclank/algorithms/search/mcts.go:139.63,144.25 3 0
github.com/ErwinsExpertise/go-battleclank/algorithms/search/mcts.go:144.25,146.55 1 0
github.com/ErwinsExpertise/go-battleclank/algorithms/search/mcts.go:146.55,148.4 1 0
github.com/ErwinsExpertise/go-battleclank/algorithms/search/mcts.go:151.3,152.51 2 0
github.com/ErwinsExpertise/go-battleclank/algorithms/search/mcts.go:152.51,153.24 1 0
github.com/ErwinsExpertise/go-battleclank/algorithms/search/mcts.go:153.24,155.5 1 0
github.com/ErwinsExpertise/go-battleclank/algorithms/search/mcts.go:157.3,157.22 1 0
github.com/ErwinsExpertise/go-battleclank/algorithms/search/mcts.go:157.22,159.4 1 0
github.com/ErwinsExpertise/go-battleclank/algorithms/search/mcts.go:162.3,163.27 2 0
github.com/ErwinsExpertise/go-battleclank/algorithms/search/mcts.go:163.27,165.4 1 0
github.com/ErwinsExpertise/go-battleclank/algorithms/search/mcts.go:168.3,174.10 4 0
github.com/ErwinsExpertise/go-battleclank/algorithms/search/mcts.go:178.2,178.38 1 0
github.com/ErwinsExpertise/go-battleclank/algorithms/search/mcts.go:182.95,184.50 1 0
github.com/ErwinsExpertise/go-battleclank/algorithms/search/mcts.go:184.50,189.39 3 0
github.com/ErwinsExpertise/go-battleclank/algorithms/search/mcts.go:189.39,191.25 2 0
github.com/ErwinsExpertise/go-battleclank/algorithms/search/mcts.go:191.25,194.5 2 0
github.com/ErwinsExpertise/go-battleclank/algorithms/search/mcts.go:196.3,196.18 1 0
github.com/ErwinsExpertise/go-battleclank/algorithms/search/mcts.go:200.2,200.48 1 0
github.com/ErwinsExpertise/go-battleclank/algorithms/search/mcts.go:204.82,207.43 2 0
github.com/ErwinsExpertise/go-battleclank/algorithms/search/mcts.go:207.43,208.31 1 0
github.com/ErwinsExpertise/go-battleclank/algorithms/search/mcts.go:208.31,209.12 1 0
github.com/ErwinsExpertise/go-battleclank/algorithms/search/mcts.go:212.3,213.26 2 0
github.com/ErwinsExpertise/go-battleclank/algorithms/search/mcts.go:213.26,216.4 2 0
github.com/ErwinsExpertise/go-battleclank/algorithms/search/mcts.go:219.2,219.17 1 0
github.com/ErwinsExpertise/go-battleclank/algorithms/search/mcts.go:223.68,226.45 2 0
github.com/ErwinsExpertise/go-battleclank/algorithms/search/mcts.go:226.45,228.3 1 0
github.com/ErwinsExpertise/go-battleclank/algorithms/search/mcts.go:231.2,235.43 3 0
github.com/ErwinsExpertise/go-battleclank/algorithms/search/mcts.go:235.43,236.64 1 0
github.com/ErwinsExpertise/go-battleclank/algorithms/search/mcts.go:236.64,238.4 1 0
github.com/ErwinsExpertise/go-battleclank/algorithms/search/mcts.go:241.2,248.15 4 0
github.com/ErwinsExpertise/go-battleclank/algorithms/search/mcts.go:248.15,250.3 1 0
github.com/ErwinsExpertise/go-battleclank/algorithms/search/mcts.go:251.2,251.15 1 0
github.com/ErwinsExpertise/go-battleclank/algorithms/search/mcts.go:251.15,253.3 1 0
github.com/ErwinsExpertise/go-battleclank/algorithms/search/mcts.go:255.2,255.14 1 0
github.com/ErwinsExpertise/go-battleclank/algorithms/search/mcts.go:259.68,262.21 2 0
github.com/ErwinsExpertise/go-battleclank/algorithms/search/mcts.go:262.21,266.3 3 0
github.com/ErwinsExpertise/go-battleclank/algorithms/search/mcts.go:270.58,271.33 1 0
github.com/ErwinsExpertise/go-battleclank/algorithms/search/mcts.go:271.33,274.21 2 0
github.com/ErwinsExpertise/go-battleclank/algorithms/search/mcts.go:274.21,276.4 1 0
github.com/ErwinsExpertise/go-battleclank/algorithms/search/mcts.go:277.3,277.22 1 0
github.com/ErwinsExpertise/go-battleclank/algorithms/search/mcts.go:280.2,283.42 3 0
github.com/ErwinsExpertise/go-battleclank/algorithms/search/mcts.go:283.42,284.32 1 0
github.com/ErwinsExpertise/go-battleclank/algorithms/search/mcts.go:284.32,287.4 2 0
github.com/ErwinsExpertise/go-battleclank/algorithms/search/mcts.go:290.2,290.17 1 0
github.com/ErwinsExpertise/go-battleclank/algorithms/search/mcts.go:294.77,298.2 1 0
github.com/ErwinsExpertise/go-battleclank/algorithms/search/mcts.go:301.64,304.2 2 0
github.com/ErwinsExpertise/go-battleclank/engine/simulation/simulation.go:9.89,28.43 4 0
github.com/ErwinsExpertise/go-battleclank/engine/simulation/simulation.go:28.43,29.26 1 0
github.com/ErwinsExpertise/go-battleclank/engine/simulation/simulation.go:29.26,35.45 3 0
github.com/ErwinsExpertise/go-battleclank/engine/simulation/simulation.go:35.45,36.51 1 0
github.com/ErwinsExpertise/go-battleclank/engine/simulation/simulation.go:36.51,40.11 3 0
github.com/ErwinsExpertise/go-battleclank/engine/simulation/simulation.go:45.4,48.15 3 0
github.com/ErwinsExpertise/go-battleclank/engine/simulation/simulation.go:48.15,59.5 2 0
github.com/ErwinsExpertise/go-battleclank/engine/simulation/simulation.go:59.10,70.5 2 0
github.com/ErwinsExpertise/go-battleclank/engine/simulation/simulation.go:73.4,73.32 1 0
github.com/ErwinsExpertise/go-battleclank/engine/simulation/simulation.go:73.32,75.5 1 0
github.com/ErwinsExpertise/go-battleclank/engine/simulation/simulation.go:76.9,79.4 1 0
github.com/ErwinsExpertise/go-battleclank/engine/simulation/simulation.go:82.2,82.17 1 0
github.com/ErwinsExpertise/go-battleclank/engine/simulation/simulation.go:86.76,88.18 2 0
github.com/ErwinsExpertise/go-battleclank/engine/simulation/simulation.go:88.18,90.3 1 0
github.com/ErwinsExpertise/go-battleclank/engine/simulation/simulation.go:92.2,95.38 2 0
github.com/ErwinsExpertise/go-battleclank/engine/simulation/simulation.go:95.38,97.3 1 0
github.com/ErwinsExpertise/go-battleclank/engine/simulation/simulation.go:100.2,100.43 1 0
github.com/ErwinsExpertise/go-battleclank/engine/simulation/simulation.go:100.43,102.3 1 0
github.com/ErwinsExpertise/go-battleclank/engine/simulation/simulation.go:104.2,104.13 1 0
github.com/ErwinsExpertise/go-battleclank/engine/simulation/simulation.go:108.69,111.40 2 0
github.com/ErwinsExpertise/go-battleclank/engine/simulation/simulation.go:111.40,112.40 1 0
github.com/ErwinsExpertise/go-battleclank/engine/simulation/simulation.go:112.40,114.4 1 0
github.com/ErwinsExpertise/go-battleclank/engine/simulation/simulation.go:117.2,117.19 1 0
github.com/ErwinsExpertise/go-battleclank/engine/simulation/simulation.go:122.94,127.35 2 0
github.com/ErwinsExpertise/go-battleclank/engine/simulation/simulation.go:127.35,129.3 1 0
github.com/ErwinsExpertise/go-battleclank/engine/simulation/simulation.go:131.2,131.17 1 0
github.com/ErwinsExpertise/go-battleclank/heuristics/danger.go:12.65,15.43 2 0
github.com/ErwinsExpertise/go-battleclank/heuristics/danger.go:15.43,17.31 1 0
github.com/ErwinsExpertise/go-battleclank/heuristics/danger.go:17.31,18.12 1 0
github.com/ErwinsExpertise/go-battleclank/heuristics/danger.go:22.3,22.41 1 0
github.com/ErwinsExpertise/go-battleclank/heuristics/danger.go:22.41,26.81 2 0
github.com/ErwinsExpertise/go-battleclank/heuristics/danger.go:26.81,27.13 1 0
github.com/ErwinsExpertise/go-battleclank/heuristics/danger.go:31.4,31.60 1 0
github.com/ErwinsExpertise/go-battleclank/heuristics/danger.go:35.2,35.19 1 0
github.com/ErwinsExpertise/go-battleclank/heuristics/danger.go:40.71,43.2 2 0
github.com/ErwinsExpertise/go-battleclank/heuristics/danger.go:47.84,49.15 2 0
github.com/ErwinsExpertise/go-battleclank/heuristics/danger.go:49.15,51.3 1 0
github.com/ErwinsExpertise/go-battleclank/heuristics/danger.go:53.2,54.32 2 0
github.com/ErwinsExpertise/go-battleclank/heuristics/danger.go:54.32,55.33 1 0
github.com/ErwinsExpertise/go-battleclank/heuristics/danger.go:55.33,58.4 1 0
github.com/ErwinsExpertise/go-battleclank/heuristics/danger.go:58.9,58.39 1 0
github.com/ErwinsExpertise/go-battleclank/heuristics/danger.go:58.39,61.4 1 0
github.com/ErwinsExpertise/go-battleclank/heuristics/danger.go:61.9,64.4 1 0
github.com/ErwinsExpertise/go-battleclank/heuristics/danger.go:67.2,67.15 1 0
github.com/ErwinsExpertise/go-battleclank/heuristics/danger.go:71.73,75.43 3 0
github.com/ErwinsExpertise/go-battleclank/heuristics/danger.go:75.43,76.31 1 0
github.com/ErwinsExpertise/go-battleclank/heuristics/danger.go:76.31,77.12 1 0
github.com/ErwinsExpertise/go-battleclank/heuristics/danger.go:81.3,81.41 1 0
github.com/ErwinsExpertise/go-battleclank/heuristics/danger.go:81.41,84.58 2 0
github.com/ErwinsExpertise/go-battleclank/heuristics/danger.go:84.58,86.34 1 0
github.com/ErwinsExpertise/go-battleclank/heuristics/danger.go:86.34,88.6 1 0
github.com/ErwinsExpertise/go-battleclank/heuristics/danger.go:88.11,90.6 1 0
github.com/ErwinsExpertise/go-battleclank/heuristics/danger.go:95.2,95.13 1 0
github.com/ErwinsExpertise/go-battleclank/heuristics/danger.go:99.68,103.40 3 0
github.com/ErwinsExpertise/go-battleclank/heuristics/danger.go:103.40,107.39 2 0
github.com/ErwinsExpertise/go-battleclank/heuristics/danger.go:107.39,108.12 1 0
github.com/ErwinsExpertise/go-battleclank/heuristics/danger.go:112.3,115.44 3 0
github.com/ErwinsExpertise/go-battleclank/heuristics/danger.go:115.44,116.39 1 0
github.com/ErwinsExpertise/go-battleclank/heuristics/danger.go:116.39,118.54 1 0
github.com/ErwinsExpertise/go-battleclank/heuristics/danger.go:118.54,119.14 1 0
github.com/ErwinsExpertise/go-battleclank/heuristics/danger.go:121.5,121.57 1 0
github.com/ErwinsExpertise/go-battleclank/heuristics/danger.go:121.57,123.34 2 0
github.com/ErwinsExpertise/go-battleclank/heuristics/danger.go:123.34,125.7 1 0
github.com/ErwinsExpertise/go-battleclank/heuristics/danger.go:126.6,126.11 1 0
github.com/ErwinsExpertise/go-battleclank/heuristics/danger.go:129.4,129.15 1 0
github.com/ErwinsExpertise/go-battleclank/heuristics/danger.go:129.15,130.10 1 0
github.com/ErwinsExpertise/go-battleclank/heuristics/danger.go:134.3,134.15 1 0
github.com/ErwinsExpertise/go-battleclank/heuristics/danger.go:134.15,136.4 1 0
github.com/ErwinsExpertise/go-battleclank/heuristics/danger.go:136.9,136.28 1 0
github.com/ErwinsExpertise/go-battleclank/heuristics/danger.go:136.28,138.4 1 0
github.com/ErwinsExpertise/go-battleclank/heuristics/danger.go:142.2,142.21 1 0
github.com/ErwinsExpertise/go-battleclank/heuristics/danger.go:142.21,144.3 1 0
github.com/ErwinsExpertise/go-battleclank/heuristics/danger.go:144.8,144.28 1 0
github.com/ErwinsExpertise/go-battleclank/heuristics/danger.go:144.28,146.3 1 0
github.com/ErwinsExpertise/go-battleclank/heuristics/danger.go:146.8,146.53 1 0
github.com/ErwinsExpertise/go-battleclank/heuristics/danger.go:146.53,148.3 1 0
github.com/ErwinsExpertise/go-battleclank/heuristics/danger.go:150.2,150.12 1 0
github.com/ErwinsExpertise/go-battleclank/heuristics/danger.go:154.49,155.30 1 0
github.com/ErwinsExpertise/go-battleclank/heuristics/danger.go:155.30,157.3 1 0
github.com/ErwinsExpertise/go-battleclank/heuristics/danger.go:159.2,162.43 3 0
github.com/ErwinsExpertise/go-battleclank/heuristics/danger.go:162.43,163.31 1 0
github.com/ErwinsExpertise/go-battleclank/heuristics/danger.go:163.31,164.12 1 0
github.com/ErwinsExpertise/go-battleclank/heuristics/danger.go:168.3,172.49 3 0
github.com/ErwinsExpertise/go-battleclank/heuristics/danger.go:172.49,174.4 1 0
github.com/ErwinsExpertise/go-battleclank/heuristics/danger.go:177.2,177.14 1 0
github.com/ErwinsExpertise/go-battleclank/heuristics/food.go:12.92,13.32 1 0
github.com/ErwinsExpertise/go-battleclank/heuristics/food.go:13.32,15.3 1 0
github.com/ErwinsExpertise/go-battleclank/heuristics/food.go:17.2,20.40 3 0
github.com/ErwinsExpertise/go-battleclank/heuristics/food.go:20.40,22.21 2 0
github.com/ErwinsExpertise/go-battleclank/heuristics/food.go:22.21,25.4 2 0
github.com/ErwinsExpertise/go-battleclank/heuristics/food.go:28.2,28.29 1 0
github.com/ErwinsExpertise/go-battleclank/heuristics/food.go:32.87,36.43 3 0
github.com/ErwinsExpertise/go-battleclank/heuristics/food.go:36.43,37.31 1 0
github.com/ErwinsExpertise/go-battleclank/heuristics/food.go:37.31,38.12 1 0
github.com/ErwinsExpertise/go-battleclank/heuristics/food.go:42.3,42.38 1 0
github.com/ErwinsExpertise/go-battleclank/heuristics/food.go:42.38,44.28 2 0
github.com/ErwinsExpertise/go-battleclank/heuristics/food.go:44.28,46.5 1 0
github.com/ErwinsExpertise/go-battleclank/heuristics/food.go:50.3,51.27 2 0
github.com/ErwinsExpertise/go-battleclank/heuristics/food.go:51.27,53.4 1 0
github.com/ErwinsExpertise/go-battleclank/heuristics/food.go:56.3,57.33 2 0
github.com/ErwinsExpertise/go-battleclank/heuristics/food.go:57.33,58.18 1 0
github.com/ErwinsExpertise/go-battleclank/heuristics/food.go:58.18,59.29 1 0
github.com/ErwinsExpertise/go-battleclank/heuristics/food.go:59.29,61.6 1 0
github.com/ErwinsExpertise/go-battleclank/heuristics/food.go:62.10,63.29 1 0
github.com/ErwinsExpertise/go-battleclank/heuristics/food.go:63.29,65.6 1 0
github.com/ErwinsExpertise/go-battleclank/heuristics/food.go:70.2,70.14 1 0
github.com/ErwinsExpertise/go-battleclank/heuristics/food.go:73.21,74.11 1 0
github.com/ErwinsExpertise/go-battleclank/heuristics/food.go:74.11,76.3 1 0
github.com/ErwinsExpertise/go-battleclank/heuristics/food.go:77.2,77.10 1 0
github.com/ErwinsExpertise/go-battleclank/heuristics/food.go:81.111,82.32 1 0
github.com/ErwinsExpertise/go-battleclank/heuristics/food.go:82.32,84.3 1 0
github.com/ErwinsExpertise/go-battleclank/heuristics/food.go:86.2,89.39 3 0
github.com/ErwinsExpertise/go-battleclank/heuristics/food.go:89.39,92.35 2 0
github.com/ErwinsExpertise/go-battleclank/heuristics/food.go:92.35,95.4 2 0
github.com/ErwinsExpertise/go-battleclank/heuristics/food.go:95.9,98.4 1 0
github.com/ErwinsExpertise/go-battleclank/heuristics/food.go:99.8,101.3 1 0
github.com/ErwinsExpertise/go-battleclank/heuristics/food.go:104.2,104.44 1 0
github.com/ErwinsExpertise/go-battleclank/heuristics/food.go:104.44,106.20 1 0
github.com/ErwinsExpertise/go-battleclank/heuristics/food.go:106.20,108.4 1 0
github.com/ErwinsExpertise/go-battleclank/heuristics/food.go:109.3,109.41 1 0
github.com/ErwinsExpertise/go-battleclank/heuristics/food.go:113.2,113.19 1 0
github.com/ErwinsExpertise/go-battleclank/heuristics/food.go:113.19,115.3 1 0
github.com/ErwinsExpertise/go-battleclank/heuristics/food.go:116.2,116.32 1 0
github.com/ErwinsExpertise/go-battleclank/heuristics/food.go:131.45,131.63 1 0
github.com/ErwinsExpertise/go-battleclank/heuristics/food.go:132.45,132.83 1 0
github.com/ErwinsExpertise/go-battleclank/heuristics/food.go:133.40,137.2 3 0
github.com/ErwinsExpertise/go-battleclank/heuristics/food.go:139.46,144.2 4 0
github.com/ErwinsExpertise/go-battleclank/heuristics/food.go:146.44,154.2 7 0
github.com/ErwinsExpertise/go-battleclank/heuristics/food.go:157.113,163.40 4 0
github.com/ErwinsExpertise/go-battleclank/heuristics/food.go:163.40,165.48 2 0
github.com/ErwinsExpertise/go-battleclank/heuristics/food.go:165.48,169.4 3 0
github.com/ErwinsExpertise/go-battleclank/heuristics/food.go:172.2,172.34 1 0
github.com/ErwinsExpertise/go-battleclank/heuristics/food.go:175.95,177.40 1 0
github.com/ErwinsExpertise/go-battleclank/heuristics/food.go:177.40,179.3 1 0
github.com/ErwinsExpertise/go-battleclank/heuristics/food.go:181.2,181.44 1 0
github.com/ErwinsExpertise/go-battleclank/heuristics/food.go:181.44,183.3 1 0
github.com/ErwinsExpertise/go-battleclank/heuristics/food.go:185.2,199.52 7 0
github.com/ErwinsExpertise/go-battleclank/heuristics/food.go:199.52,203.57 3 0
github.com/ErwinsExpertise/go-battleclank/heuristics/food.go:203.57,205.4 1 0
github.com/ErwinsExpertise/go-battleclank/heuristics/food.go:207.3,209.66 2 0
github.com/ErwinsExpertise/go-battleclank/heuristics/food.go:209.66,210.46 1 0
github.com/ErwinsExpertise/go-battleclank/heuristics/food.go:210.46,211.13 1 0
github.com/ErwinsExpertise/go-battleclank/heuristics/food.go:214.4,216.82 2 0
github.com/ErwinsExpertise/go-battleclank/heuristics/food.go:216.82,217.13 1 0
github.com/ErwinsExpertise/go-battleclank/heuristics/food.go:220.4,226.36 2 0
github.com/ErwinsExpertise/go-battleclank/heuristics/food.go:230.2,230.12 1 0
github.com/ErwinsExpertise/go-battleclank/heuristics/food.go:233.53,237.21 3 0
github.com/ErwinsExpertise/go-battleclank/heuristics/food.go:237.21,240.3 2 0
github.com/ErwinsExpertise/go-battleclank/heuristics/food.go:243.2,243.53 1 0
github.com/ErwinsExpertise/go-battleclank/heuristics/food.go:243.53,245.3 1 0
github.com/ErwinsExpertise/go-battleclank/heuristics/food.go:247.2,247.13 1 0
github.com/ErwinsExpertise/go-battleclank/heuristics/space.go:10.77,19.21 5 5
github.com/ErwinsExpertise/go-battleclank/heuristics/space.go:19.21,26.24 4 50
github.com/ErwinsExpertise/go-battleclank/heuristics/space.go:26.24,27.9 1 5
github.com/ErwinsExpertise/go-battleclank/heuristics/space.go:31.3,31.58 1 45
github.com/ErwinsExpertise/go-battleclank/heuristics/space.go:31.58,33.25 1 166
github.com/ErwinsExpertise/go-battleclank/heuristics/space.go:33.25,34.13 1 80
github.com/ErwinsExpertise/go-battleclank/heuristics/space.go:38.4,38.41 1 86
github.com/ErwinsExpertise/go-battleclank/heuristics/space.go:38.41,39.13 1 0
github.com/ErwinsExpertise/go-battleclank/heuristics/space.go:43.4,43.46 1 86
github.com/ErwinsExpertise/go-battleclank/heuristics/space.go:43.46,44.13 1 2
github.com/ErwinsExpertise/go-battleclank/heuristics/space.go:48.4,49.28 2 84
github.com/ErwinsExpertise/go-battleclank/heuristics/space.go:53.2,53.14 1 5
github.com/ErwinsExpertise/go-battleclank/heuristics/space.go:58.101,66.21 5 2
github.com/ErwinsExpertise/go-battleclank/heuristics/space.go:66.21,71.24 4 20
github.com/ErwinsExpertise/go-battleclank/heuristics/space.go:71.24,72.9 1 2
github.com/ErwinsExpertise/go-battleclank/heuristics/space.go:75.3,75.58 1 18
github.com/ErwinsExpertise/go-battleclank/heuristics/space.go:75.58,76.62 1 68
github.com/ErwinsExpertise/go-battleclank/heuristics/space.go:76.62,77.13 1 30
github.com/ErwinsExpertise/go-battleclank/heuristics/space.go:81.4,82.45 2 38
github.com/ErwinsExpertise/go-battleclank/heuristics/space.go:82.45,83.40 1 73
github.com/ErwinsExpertise/go-battleclank/heuristics/space.go:83.40,85.55 1 210
github.com/ErwinsExpertise/go-battleclank/heuristics/space.go:85.55,86.15 1 32
github.com/ErwinsExpertise/go-battleclank/heuristics/space.go:89.6,89.55 1 178
github.com/ErwinsExpertise/go-battleclank/heuristics/space.go:89.55,90.15 1 35
github.com/ErwinsExpertise/go-battleclank/heuristics/space.go:92.6,92.60 1 143
github.com/ErwinsExpertise/go-battleclank/heuristics/space.go:92.60,94.12 2 6
github.com/ErwinsExpertise/go-battleclank/heuristics/space.go:97.5,97.18 1 73
github.com/ErwinsExpertise/go-battleclank/heuristics/space.go:97.18,98.11 1 6
github.com/ErwinsExpertise/go-battleclank/heuristics/space.go:102.4,102.18 1 38
github.com/ErwinsExpertise/go-battleclank/heuristics/space.go:102.18,105.5 2 32
github.com/ErwinsExpertise/go-battleclank/heuristics/space.go:109.2,109.14 1 2
github.com/ErwinsExpertise/go-battleclank/heuristics/space.go:113.83,117.2 3 1
github.com/ErwinsExpertise/go-battleclank/heuristics/space.go:121.85,125.2 3 1
github.com/ErwinsExpertise/go-battleclank/heuristics/space.go:148.106,157.17 5 0
github.com/ErwinsExpertise/go-battleclank/heuristics/space.go:157.17,159.3 1 0
github.com/ErwinsExpertise/go-battleclank/heuristics/space.go:159.8,159.24 1 0
github.com/ErwinsExpertise/go-battleclank/heuristics/space.go:159.24,161.3 1 0
github.com/ErwinsExpertise/go-battleclank/heuristics/space.go:161.8,161.24 1 0
github.com/ErwinsExpertise/go-battleclank/heuristics/space.go:161.24,163.3 1 0
github.com/ErwinsExpertise/go-battleclank/heuristics/space.go:163.8,165.3 1 0
github.com/ErwinsExpertise/go-battleclank/heuristics/space.go:167.2,167.25 1 0
github.com/ErwinsExpertise/go-battleclank/heuristics/space.go:171.60,173.2 1 0
github.com/ErwinsExpertise/go-battleclank/heuristics/space.go:177.99,189.2 6 0
github.com/ErwinsExpertise/go-battleclank/heuristics/space.go:193.86,196.43 2 0
github.com/ErwinsExpertise/go-battleclank/heuristics/space.go:196.43,197.38 1 0
github.com/ErwinsExpertise/go-battleclank/heuristics/space.go:197.38,199.4 1 0
github.com/ErwinsExpertise/go-battleclank/heuristics/space.go:203.2,212.21 6 0
github.com/ErwinsExpertise/go-battleclank/heuristics/space.go:212.21,217.24 4 0
github.com/ErwinsExpertise/go-battleclank/heuristics/space.go:217.24,218.9 1 0
github.com/ErwinsExpertise/go-battleclank/heuristics/space.go:221.3,221.62 1 0
github.com/ErwinsExpertise/go-battleclank/heuristics/space.go:221.62,222.83 1 0
github.com/ErwinsExpertise/go-battleclank/heuristics/space.go:222.83,223.13 1 0
github.com/ErwinsExpertise/go-battleclank/heuristics/space.go:226.4,227.28 2 0
github.com/ErwinsExpertise/go-battleclank/heuristics/space.go:231.2,231.14 1 0
github.com/ErwinsExpertise/go-battleclank/heuristics/starvation.go:11.103,15.27 2 0
github.com/ErwinsExpertise/go-battleclank/heuristics/starvation.go:15.27,17.3 1 0
github.com/ErwinsExpertise/go-battleclank/heuristics/starvation.go:20.2,24.36 4 0
github.com/ErwinsExpertise/go-battleclank/heuristics/starvation.go:24.36,26.31 2 0
github.com/ErwinsExpertise/go-battleclank/heuristics/starvation.go:26.31,27.12 1 0
github.com/ErwinsExpertise/go-battleclank/heuristics/starvation.go:29.3,30.21 2 0
github.com/ErwinsExpertise/go-battleclank/heuristics/starvation.go:30.21,33.4 2 0
github.com/ErwinsExpertise/go-battleclank/heuristics/starvation.go:36.2,36.25 1 0
github.com/ErwinsExpertise/go-battleclank/heuristics/starvation.go:36.25,38.3 1 0
github.com/ErwinsExpertise/go-battleclank/heuristics/starvation.go:41.2,41.45 1 0
github.com/ErwinsExpertise/go-battleclank/heuristics/starvation.go:41.45,43.3 1 0
github.com/ErwinsExpertise/go-battleclank/heuristics/starvation.go:46.2,57.14 7 0
github.com/ErwinsExpertise/go-battleclank/heuristics/starvation.go:61.101,71.52 4 0
github.com/ErwinsExpertise/go-battleclank/heuristics/starvation.go:71.52,76.51 2 0
github.com/ErwinsExpertise/go-battleclank/heuristics/starvation.go:76.51,78.4 1 0
github.com/ErwinsExpertise/go-battleclank/heuristics/starvation.go:82.2,82.52 1 0
github.com/ErwinsExpertise/go-battleclank/heuristics/starvation.go:82.52,87.52 2 0
github.com/ErwinsExpertise/go-battleclank/heuristics/starvation.go:87.52,89.4 1 0
github.com/ErwinsExpertise/go-battleclank/heuristics/starvation.go:93.2,93.44 1 0
github.com/ErwinsExpertise/go-battleclank/heuristics/starvation.go:93.44,95.3 1 0
github.com/ErwinsExpertise/go-battleclank/heuristics/starvation.go:97.2,97.14 1 0
github.com/ErwinsExpertise/go-battleclank/heuristics/starvation.go:101.113,118.42 6 0
github.com/ErwinsExpertise/go-battleclank/heuristics/starvation.go:118.42,121.3 1 0
github.com/ErwinsExpertise/go-battleclank/heuristics/starvation.go:121.8,121.49 1 0
github.com/ErwinsExpertise/go-battleclank/heuristics/starvation.go:121.49,124.3 1 0
github.com/ErwinsExpertise/go-battleclank/heuristics/starvation.go:124.8,124.49 1 0
github.com/ErwinsExpertise/go-battleclank/heuristics/starvation.go:124.49,127.3 1 0
github.com/ErwinsExpertise/go-battleclank/heuristics/starvation.go:129.2,129.14 1 0
github.com/ErwinsExpertise/go-battleclank/heuristics/starvation.go:133.104,134.32 1 0
github.com/ErwinsExpertise/go-battleclank/heuristics/starvation.go:134.32,136.3 1 0
github.com/ErwinsExpertise/go-battleclank/heuristics/starvation.go:138.2,144.40 4 0
github.com/ErwinsExpertise/go-battleclank/heuristics/starvation.go:144.40,146.21 2 0
github.com/ErwinsExpertise/go-battleclank/heuristics/starvation.go:146.21,149.4 2 0
github.com/ErwinsExpertise/go-battleclank/heuristics/starvation.go:153.2,158.29 4 0
github.com/ErwinsExpertise/go-battleclank/heuristics/starvation.go:158.29,163.47 2 0
github.com/ErwinsExpertise/go-battleclank/heuristics/starvation.go:163.47,165.4 1 0
github.com/ErwinsExpertise/go-battleclank/heuristics/starvation.go:169.2,170.40 2 0
github.com/ErwinsExpertise/go-battleclank/heuristics/starvation.go:170.40,174.26 3 0
github.com/ErwinsExpertise/go-battleclank/heuristics/starvation.go:174.26,176.4 1 0
github.com/ErwinsExpertise/go-battleclank/heuristics/starvation.go:179.2,179.22 1 0
github.com/ErwinsExpertise/go-battleclank/heuristics/starvation.go:179.22,181.3 1 0
github.com/ErwinsExpertise/go-battleclank/heuristics/starvation.go:183.2,183.14 1 0
github.com/ErwinsExpertise/go-battleclank/heuristics/starvation.go:187.66,199.33 4 0
github.com/ErwinsExpertise/go-battleclank/heuristics/starvation.go:199.33,201.21 2 0
github.com/ErwinsExpertise/go-battleclank/heuristics/starvation.go:201.21,203.4 1 0
github.com/ErwinsExpertise/go-battleclank/heuristics/starvation.go:206.2,206.14 1 0
github.com/ErwinsExpertise/go-battleclank/heuristics/starvation.go:210.97,214.2 3 0
github.com/ErwinsExpertise/go-battleclank/heuristics/starvation.go:217.116,218.22 1 0
github.com/ErwinsExpertise/go-battleclank/heuristics/starvation.go:218.22,220.3 1 0
github.com/ErwinsExpertise/go-battleclank/heuristics/starvation.go:222.2,222.18 1 0
github.com/ErwinsExpertise/go-battleclank/heuristics/starvation.go:222.18,224.3 1 0
github.com/ErwinsExpertise/go-battleclank/heuristics/starvation.go:226.2,226.71 1 0
github.com/ErwinsExpertise/go-battleclank/heuristics/starvation.go:226.71,228.3 1 0
github.com/ErwinsExpertise/go-battleclank/heuristics/starvation.go:230.2,233.40 3 0
github.com/ErwinsExpertise/go-battleclank/heuristics/starvation.go:233.40,236.3 2 0
github.com/ErwinsExpertise/go-battleclank/heuristics/starvation.go:238.2,238.14 1 0
github.com/ErwinsExpertise/go-battleclank/heuristics/trap.go:17.97,21.43 3 0
github.com/ErwinsExpertise/go-battleclank/heuristics/trap.go:21.43,22.31 1 0
github.com/ErwinsExpertise/go-battleclank/heuristics/trap.go:22.31,23.12 1 0
github.com/ErwinsExpertise/go-battleclank/heuristics/trap.go:27.3,39.49 6 0
github.com/ErwinsExpertise/go-battleclank/heuristics/trap.go:39.49,44.51 3 0
github.com/ErwinsExpertise/go-battleclank/heuristics/trap.go:44.51,46.41 1 0
github.com/ErwinsExpertise/go-battleclank/heuristics/trap.go:46.41,48.6 1 0
github.com/ErwinsExpertise/go-battleclank/heuristics/trap.go:48.11,48.50 1 0
github.com/ErwinsExpertise/go-battleclank/heuristics/trap.go:48.50,50.6 1 0
github.com/ErwinsExpertise/go-battleclank/heuristics/trap.go:55.2,55.18 1 0
github.com/ErwinsExpertise/go-battleclank/heuristics/trap.go:59.84,73.43 2 0
github.com/ErwinsExpertise/go-battleclank/heuristics/trap.go:73.43,74.31 1 0
github.com/ErwinsExpertise/go-battleclank/heuristics/trap.go:74.31,89.4 5 0
github.com/ErwinsExpertise/go-battleclank/heuristics/trap.go:89.9,91.4 1 0
github.com/ErwinsExpertise/go-battleclank/heuristics/trap.go:94.2,94.17 1 0
github.com/ErwinsExpertise/go-battleclank/heuristics/trap.go:98.81,104.2 3 0
github.com/ErwinsExpertise/go-battleclank/heuristics/trap.go:109.97,115.23 4 0
github.com/ErwinsExpertise/go-battleclank/heuristics/trap.go:115.23,117.3 1 0
github.com/ErwinsExpertise/go-battleclank/heuristics/trap.go:120.2,123.33 3 0
github.com/ErwinsExpertise/go-battleclank/heuristics/trap.go:123.33,125.21 2 0
github.com/ErwinsExpertise/go-battleclank/heuristics/trap.go:125.21,126.12 1 0
github.com/ErwinsExpertise/go-battleclank/heuristics/trap.go:130.3,130.82 1 0
github.com/ErwinsExpertise/go-battleclank/heuristics/trap.go:130.82,131.12 1 0
github.com/ErwinsExpertise/go-battleclank/heuristics/trap.go:135.3,139.35 4 0
github.com/ErwinsExpertise/go-battleclank/heuristics/trap.go:139.35,141.4 1 0
github.com/ErwinsExpertise/go-battleclank/heuristics/trap.go:146.2,146.39 1 0
github.com/ErwinsExpertise/go-battleclank/heuristics/trap.go:146.39,148.3 1 0
github.com/ErwinsExpertise/go-battleclank/heuristics/trap.go:150.2,150.12 1 0
github.com/ErwinsExpertise/go-battleclank/heuristics/trap.go:154.89,156.13 2 0
github.com/ErwinsExpertise/go-battleclank/heuristics/trap.go:157.12,158.48 1 0
github.com/ErwinsExpertise/go-battleclank/heuristics/trap.go:159.14,160.48 1 0
github.com/ErwinsExpertise/go-battleclank/heuristics/trap.go:161.14,162.48 1 0
github.com/ErwinsExpertise/go-battleclank/heuristics/trap.go:163.15,164.48 1 0
github.com/ErwinsExpertise/go-battleclank/heuristics/trap.go:165.10,166.13 1 0
github.com/ErwinsExpertise/go-battleclank/heuristics/trap.go:168.2,168.17 1 0
github.com/ErwinsExpertise/go-battleclank/telemetry/analysis.go:53.44,57.2 1 0
github.com/ErwinsExpertise/go-battleclank/telemetry/analysis.go:60.58,61.20 1 0
github.com/ErwinsExpertise/go-battleclank/telemetry/analysis.go:61.20,63.3 1 0
github.com/ErwinsExpertise/go-battleclank/telemetry/analysis.go:67.54,76.27 2 0
github.com/ErwinsExpertise/go-battleclank/telemetry/analysis.go:76.27,78.3 1 0
github.com/ErwinsExpertise/go-battleclank/telemetry/analysis.go:81.2,92.17 5 0
github.com/ErwinsExpertise/go-battleclank/telemetry/analysis.go:96.69,100.38 2 0
github.com/ErwinsExpertise/go-battleclank/telemetry/analysis.go:100.38,102.3 1 0
github.com/ErwinsExpertise/go-battleclank/telemetry/analysis.go:105.2,105.45 1 0
github.com/ErwinsExpertise/go-battleclank/telemetry/analysis.go:105.45,114.30 3 0
github.com/ErwinsExpertise/go-battleclank/telemetry/analysis.go:114.30,116.4 1 0
github.com/ErwinsExpertise/go-battleclank/telemetry/analysis.go:118.3,118.24 1 0
github.com/ErwinsExpertise/go-battleclank/telemetry/analysis.go:118.24,120.4 1 0
github.com/ErwinsExpertise/go-battleclank/telemetry/analysis.go:122.3,122.36 1 0
github.com/ErwinsExpertise/go-battleclank/telemetry/analysis.go:127.74,128.38 1 0
github.com/ErwinsExpertise/go-battleclank/telemetry/analysis.go:128.38,130.30 2 0
github.com/ErwinsExpertise/go-battleclank/telemetry/analysis.go:130.30,132.4 1 0
github.com/ErwinsExpertise/go-battleclank/telemetry/analysis.go:132.9,132.38 1 0
github.com/ErwinsExpertise/go-battleclank/telemetry/analysis.go:132.38,134.4 1 0
github.com/ErwinsExpertise/go-battleclank/telemetry/analysis.go:134.9,136.4 1 0
github.com/ErwinsExpertise/go-battleclank/telemetry/analysis.go:137.3,137.35 1 0
github.com/ErwinsExpertise/go-battleclank/telemetry/analysis.go:142.70,144.85 1 0
github.com/ErwinsExpertise/go-battleclank/telemetry/analysis.go:144.85,151.3 1 0
github.com/ErwinsExpertise/go-battleclank/telemetry/analysis.go:154.2,154.89 1 0
github.com/ErwinsExpertise/go-battleclank/telemetry/analysis.go:154.89,161.3 1 0
github.com/ErwinsExpertise/go-battleclank/telemetry/analysis.go:164.2,164.92 1 0
github.com/ErwinsExpertise/go-battleclank/telemetry/analysis.go:164.92,171.3 1 0
github.com/ErwinsExpertise/go-battleclank/telemetry/analysis.go:174.2,174.73 1 0
github.com/ErwinsExpertise/go-battleclank/telemetry/analysis.go:174.73,176.20 2 0
github.com/ErwinsExpertise/go-battleclank/telemetry/analysis.go:176.20,183.4 1 0
github.com/ErwinsExpertise/go-battleclank/telemetry/analysis.go:187.2,187.88 1 0
github.com/ErwinsExpertise/go-battleclank/telemetry/analysis.go:187.88,194.3 1 0
github.com/ErwinsExpertise/go-battleclank/telemetry/analysis.go:198.79,202.26 2 0
github.com/ErwinsExpertise/go-battleclank/telemetry/analysis.go:202.26,205.21 2 0
github.com/ErwinsExpertise/go-battleclank/telemetry/analysis.go:206.21,211.5 1 0
github.com/ErwinsExpertise/go-battleclank/telemetry/analysis.go:212.36,217.5 1 0
github.com/ErwinsExpertise/go-battleclank/telemetry/analysis.go:218.28,223.5 1 0
github.com/ErwinsExpertise/go-battleclank/telemetry/analysis.go:224.25,229.5 1 0
github.com/ErwinsExpertise/go-battleclank/telemetry/analysis.go:234.2,234.39 1 0
github.com/ErwinsExpertise/go-battleclank/telemetry/analysis.go:234.39,240.3 1 0
github.com/ErwinsExpertise/go-battleclank/telemetry/analysis.go:244.86,251.43 3 0
github.com/ErwinsExpertise/go-battleclank/telemetry/analysis.go:251.43,253.3 1 0
github.com/ErwinsExpertise/go-battleclank/telemetry/analysis.go:255.2,255.40 1 0
github.com/ErwinsExpertise/go-battleclank/telemetry/analysis.go:255.40,257.3 1 0
github.com/ErwinsExpertise/go-battleclank/telemetry/analysis.go:259.2,260.27 2 0
github.com/ErwinsExpertise/go-battleclank/telemetry/analysis.go:260.27,262.3 1 0
github.com/ErwinsExpertise/go-battleclank/telemetry/analysis.go:264.2,264.15 1 0
github.com/ErwinsExpertise/go-battleclank/telemetry/analysis.go:268.46,275.33 5 0
github.com/ErwinsExpertise/go-battleclank/telemetry/analysis.go:275.33,278.3 2 0
github.com/ErwinsExpertise/go-battleclank/telemetry/analysis.go:281.2,288.43 4 0
github.com/ErwinsExpertise/go-battleclank/telemetry/analysis.go:288.43,290.3 1 0
github.com/ErwinsExpertise/go-battleclank/telemetry/analysis.go:291.2,291.41 1 0
github.com/ErwinsExpertise/go-battleclank/telemetry/analysis.go:291.41,293.3 1 0
github.com/ErwinsExpertise/go-battleclank/telemetry/analysis.go:295.2,295.28 1 0
github.com/ErwinsExpertise/go-battleclank/telemetry/analysis.go:295.28,298.3 1 0
github.com/ErwinsExpertise/go-battleclank/telemetry/analysis.go:301.2,302.49 2 0
github.com/ErwinsExpertise/go-battleclank/telemetry/analysis.go:302.49,305.3 2 0
github.com/ErwinsExpertise/go-battleclank/telemetry/analysis.go:308.2,308.38 1 0
github.com/ErwinsExpertise/go-battleclank/telemetry/analysis.go:308.38,310.51 2 0
github.com/ErwinsExpertise/go-battleclank/telemetry/analysis.go:310.51,315.4 4 0
github.com/ErwinsExpertise/go-battleclank/telemetry/analysis.go:319.2,319.39 1 0
github.com/ErwinsExpertise/go-battleclank/telemetry/analysis.go:319.39,321.48 2 0
github.com/ErwinsExpertise/go-battleclank/telemetry/analysis.go:321.48,323.4 1 0
github.com/ErwinsExpertise/go-battleclank/telemetry/analysis.go:326.2,327.80 2 0
github.com/ErwinsExpertise/go-battleclank/telemetry/telemetry.go:55.47,60.2 1 0
github.com/ErwinsExpertise/go-battleclank/telemetry/telemetry.go:63.57,64.16 1 0
github.com/ErwinsExpertise/go-battleclank/telemetry/telemetry.go:64.16,66.3 1 0
github.com/ErwinsExpertise/go-battleclank/telemetry/telemetry.go:68.2,68.15 1 0
github.com/ErwinsExpertise/go-battleclank/telemetry/telemetry.go:68.15,70.17 2 0
github.com/ErwinsExpertise/go-battleclank/telemetry/telemetry.go:70.17,73.4 2 0
github.com/ErwinsExpertise/go-battleclank/telemetry/telemetry.go:74.3,74.48 1 0
github.com/ErwinsExpertise/go-battleclank/telemetry/telemetry.go:75.8,78.3 1 0
github.com/ErwinsExpertise/go-battleclank/telemetry/telemetry.go:82.51,83.16 1 0
github.com/ErwinsExpertise/go-battleclank/telemetry/telemetry.go:83.16,85.3 1 0
github.com/ErwinsExpertise/go-battleclank/telemetry/telemetry.go:87.2,89.15 2 0
github.com/ErwinsExpertise/go-battleclank/telemetry/telemetry.go:89.15,91.17 2 0
github.com/ErwinsExpertise/go-battleclank/telemetry/telemetry.go:91.17,94.4 2 0
github.com/ErwinsExpertise/go-battleclank/telemetry/telemetry.go:95.3,95.46 1 0
github.com/ErwinsExpertise/go-battleclank/telemetry/telemetry.go:96.8,98.20 2 0
github.com/ErwinsExpertise/go-battleclank/telemetry/telemetry.go:98.20,100.4 1 0
github.com/ErwinsExpertise/go-battleclank/telemetry/telemetry.go:101.3,103.33 1 0
github.com/ErwinsExpertise/go-battleclank/telemetry/telemetry.go:108.54,109.16 1 0
github.com/ErwinsExpertise/go-battleclank/telemetry/telemetry.go:109.16,111.3 1 0
github.com/ErwinsExpertise/go-battleclank/telemetry/telemetry.go:112.2,112.44 1 0
github.com/ErwinsExpertise/go-battleclank/telemetry/telemetry.go:116.42,117.16 1 0
github.com/ErwinsExpertise/go-battleclank/telemetry/telemetry.go:117.16,119.3 1 0
github.com/ErwinsExpertise/go-battleclank/telemetry/telemetry.go:120.2,120.33 1 0
github.com/ErwinsExpertise/go-battleclank/telemetry/telemetry.go:124.57,126.34 2 0
github.com/ErwinsExpertise/go-battleclank/telemetry/telemetry.go:126.34,128.3 1 0
github.com/ErwinsExpertise/go-battleclank/telemetry/telemetry.go:129.2,129.21 1 0
github.com/ErwinsExpertise/go-battleclank/telemetry/telemetry.go:129.21,131.3 1 0
github.com/ErwinsExpertise/go-battleclank/telemetry/telemetry.go:132.2,132.15 1 0
github.com/ErwinsExpertise/go-battleclank/logic.go:90.37,94.27 3 2
github.com/ErwinsExpertise/go-battleclank/logic.go:94.27,96.3 1 2
github.com/ErwinsExpertise/go-battleclank/logic.go:97.2,104.3 1 2
github.com/ErwinsExpertise/go-battleclank/logic.go:111.29,113.2 1 0
github.com/ErwinsExpertise/go-battleclank/logic.go:118.27,120.2 1 0
github.com/ErwinsExpertise/go-battleclank/logic.go:126.52,131.37 3 36
github.com/ErwinsExpertise/go-battleclank/logic.go:131.37,133.3 1 144
github.com/ErwinsExpertise/go-battleclank/logic.go:139.2,141.37 3 36
github.com/ErwinsExpertise/go-battleclank/logic.go:141.37,143.24 2 144
github.com/ErwinsExpertise/go-battleclank/logic.go:143.24,146.4 2 61
github.com/ErwinsExpertise/go-battleclank/logic.go:149.2,152.3 2 36
github.com/ErwinsExpertise/go-battleclank/logic.go:156.54,162.40 4 210
github.com/ErwinsExpertise/go-battleclank/logic.go:162.40,164.3 1 57
github.com/ErwinsExpertise/go-battleclank/logic.go:181.2,182.56 2 153
github.com/ErwinsExpertise/go-battleclank/logic.go:182.56,184.33 1 3
github.com/ErwinsExpertise/go-battleclank/logic.go:184.33,185.41 1 3
github.com/ErwinsExpertise/go-battleclank/logic.go:185.41,188.5 1 2
github.com/ErwinsExpertise/go-battleclank/logic.go:188.10,188.85 1 1
github.com/ErwinsExpertise/go-battleclank/logic.go:188.85,191.5 1 1
github.com/ErwinsExpertise/go-battleclank/logic.go:191.10,194.5 1 0
github.com/ErwinsExpertise/go-battleclank/logic.go:200.2,202.29 3 153
github.com/ErwinsExpertise/go-battleclank/logic.go:202.29,204.3 1 37
github.com/ErwinsExpertise/go-battleclank/logic.go:205.2,216.39 5 153
github.com/ErwinsExpertise/go-battleclank/logic.go:216.39,220.17 2 6
github.com/ErwinsExpertise/go-battleclank/logic.go:220.17,222.4 1 0
github.com/ErwinsExpertise/go-battleclank/logic.go:223.8,223.41 1 147
github.com/ErwinsExpertise/go-battleclank/logic.go:223.41,226.17 2 15
github.com/ErwinsExpertise/go-battleclank/logic.go:226.17,228.4 1 9
github.com/ErwinsExpertise/go-battleclank/logic.go:229.8,234.17 2 132
github.com/ErwinsExpertise/go-battleclank/logic.go:234.17,236.4 1 0
github.com/ErwinsExpertise/go-battleclank/logic.go:238.2,246.21 4 153
github.com/ErwinsExpertise/go-battleclank/logic.go:246.21,249.3 2 124
github.com/ErwinsExpertise/go-battleclank/logic.go:249.8,249.56 1 29
github.com/ErwinsExpertise/go-battleclank/logic.go:249.56,253.3 2 29
github.com/ErwinsExpertise/go-battleclank/logic.go:259.2,259.92 1 153
github.com/ErwinsExpertise/go-battleclank/logic.go:259.92,263.3 2 6
github.com/ErwinsExpertise/go-battleclank/logic.go:268.2,268.26 1 153
github.com/ErwinsExpertise/go-battleclank/logic.go:268.26,271.3 2 97
github.com/ErwinsExpertise/go-battleclank/logic.go:275.2,280.26 3 153
github.com/ErwinsExpertise/go-battleclank/logic.go:280.26,286.22 3 0
github.com/ErwinsExpertise/go-battleclank/logic.go:286.22,288.4 1 0
github.com/ErwinsExpertise/go-battleclank/logic.go:292.2,296.27 2 153
github.com/ErwinsExpertise/go-battleclank/logic.go:296.27,302.3 3 7
github.com/ErwinsExpertise/go-battleclank/logic.go:304.2,304.14 1 153
github.com/ErwinsExpertise/go-battleclank/logic.go:309.56,313.43 3 158
github.com/ErwinsExpertise/go-battleclank/logic.go:313.43,314.31 1 260
github.com/ErwinsExpertise/go-battleclank/logic.go:314.31,315.12 1 158
github.com/ErwinsExpertise/go-battleclank/logic.go:319.3,320.35 2 102
github.com/ErwinsExpertise/go-battleclank/logic.go:320.35,323.33 1 41
github.com/ErwinsExpertise/go-battleclank/logic.go:323.33,325.5 1 11
github.com/ErwinsExpertise/go-battleclank/logic.go:329.2,329.14 1 147
github.com/ErwinsExpertise/go-battleclank/logic.go:333.58,335.89 1 634
github.com/ErwinsExpertise/go-battleclank/logic.go:335.89,337.3 1 10
github.com/ErwinsExpertise/go-battleclank/logic.go:340.2,340.43 1 624
github.com/ErwinsExpertise/go-battleclank/logic.go:340.43,341.38 1 1124
github.com/ErwinsExpertise/go-battleclank/logic.go:341.38,343.59 1 4129
github.com/ErwinsExpertise/go-battleclank/logic.go:343.59,344.13 1 801
github.com/ErwinsExpertise/go-battleclank/logic.go:346.4,346.48 1 3328
github.com/ErwinsExpertise/go-battleclank/logic.go:346.48,348.5 1 163
github.com/ErwinsExpertise/go-battleclank/logic.go:352.2,352.14 1 461
github.com/ErwinsExpertise/go-battleclank/logic.go:356.56,363.2 4 320
github.com/ErwinsExpertise/go-battleclank/logic.go:366.97,368.22 1 12312
github.com/ErwinsExpertise/go-battleclank/logic.go:368.22,370.3 1 6056
github.com/ErwinsExpertise/go-battleclank/logic.go:373.2,373.89 1 6256
github.com/ErwinsExpertise/go-battleclank/logic.go:373.89,375.3 1 151
github.com/ErwinsExpertise/go-battleclank/logic.go:376.2,376.18 1 6105
github.com/ErwinsExpertise/go-battleclank/logic.go:376.18,378.3 1 2460
github.com/ErwinsExpertise/go-battleclank/logic.go:381.2,381.43 1 3645
github.com/ErwinsExpertise/go-battleclank/logic.go:381.43,382.38 1 5580
github.com/ErwinsExpertise/go-battleclank/logic.go:382.38,384.30 1 21218
github.com/ErwinsExpertise/go-battleclank/logic.go:384.30,385.13 1 4933
github.com/ErwinsExpertise/go-battleclank/logic.go:387.4,387.48 1 16285
github.com/ErwinsExpertise/go-battleclank/logic.go:387.48,389.5 1 647
github.com/ErwinsExpertise/go-battleclank/logic.go:395.2,395.43 1 2998
github.com/ErwinsExpertise/go-battleclank/logic.go:395.43,396.31 1 4834
github.com/ErwinsExpertise/go-battleclank/logic.go:396.31,397.12 1 2977
github.com/ErwinsExpertise/go-battleclank/logic.go:401.3,401.16 1 1857
github.com/ErwinsExpertise/go-battleclank/logic.go:401.16,403.33 2 593
github.com/ErwinsExpertise/go-battleclank/logic.go:403.33,415.5 7 100
github.com/ErwinsExpertise/go-battleclank/logic.go:419.2,428.14 7 2898
github.com/ErwinsExpertise/go-battleclank/logic.go:433.56,442.41 6 0
github.com/ErwinsExpertise/go-battleclank/logic.go:442.41,455.38 5 0
github.com/ErwinsExpertise/go-battleclank/logic.go:455.38,457.24 1 0
github.com/ErwinsExpertise/go-battleclank/logic.go:457.24,458.13 1 0
github.com/ErwinsExpertise/go-battleclank/logic.go:462.4,462.107 1 0
github.com/ErwinsExpertise/go-battleclank/logic.go:462.107,463.13 1 0
github.com/ErwinsExpertise/go-battleclank/logic.go:467.4,468.45 2 0
github.com/ErwinsExpertise/go-battleclank/logic.go:468.45,469.40 1 0
github.com/ErwinsExpertise/go-battleclank/logic.go:469.40,471.32 1 0
github.com/ErwinsExpertise/go-battleclank/logic.go:471.32,472.15 1 0
github.com/ErwinsExpertise/go-battleclank/logic.go:474.6,474.58 1 0
github.com/ErwinsExpertise/go-battleclank/logic.go:474.58,476.12 2 0
github.com/ErwinsExpertise/go-battleclank/logic.go:479.5,479.16 1 0
github.com/ErwinsExpertise/go-battleclank/logic.go:479.16,480.11 1 0
github.com/ErwinsExpertise/go-battleclank/logic.go:484.4,484.16 1 0
github.com/ErwinsExpertise/go-battleclank/logic.go:484.16,487.5 2 0
github.com/ErwinsExpertise/go-battleclank/logic.go:491.2,491.14 1 0
github.com/ErwinsExpertise/go-battleclank/logic.go:496.64,497.32 1 164
github.com/ErwinsExpertise/go-battleclank/logic.go:497.32,499.3 1 14
github.com/ErwinsExpertise/go-battleclank/logic.go:501.2,505.34 3 150
github.com/ErwinsExpertise/go-battleclank/logic.go:505.34,507.35 2 26
github.com/ErwinsExpertise/go-battleclank/logic.go:507.35,510.23 3 24
github.com/ErwinsExpertise/go-battleclank/logic.go:510.23,512.5 1 3
github.com/ErwinsExpertise/go-battleclank/logic.go:512.10,514.5 1 21
github.com/ErwinsExpertise/go-battleclank/logic.go:515.9,518.4 1 2
github.com/ErwinsExpertise/go-battleclank/logic.go:519.8,522.3 1 124
github.com/ErwinsExpertise/go-battleclank/logic.go:525.2,525.40 1 150
github.com/ErwinsExpertise/go-battleclank/logic.go:525.40,529.3 1 67
github.com/ErwinsExpertise/go-battleclank/logic.go:531.2,531.22 1 150
github.com/ErwinsExpertise/go-battleclank/logic.go:535.76,539.40 3 126
github.com/ErwinsExpertise/go-battleclank/logic.go:539.40,541.21 2 164
github.com/ErwinsExpertise/go-battleclank/logic.go:541.21,544.4 2 128
github.com/ErwinsExpertise/go-battleclank/logic.go:548.2,549.18 2 126
github.com/ErwinsExpertise/go-battleclank/logic.go:549.18,551.3 1 5
github.com/ErwinsExpertise/go-battleclank/logic.go:551.8,553.3 1 121
github.com/ErwinsExpertise/go-battleclank/logic.go:555.2,555.35 1 126
github.com/ErwinsExpertise/go-battleclank/logic.go:564.56,574.41 3 166
github.com/ErwinsExpertise/go-battleclank/logic.go:574.41,588.42 7 103
github.com/ErwinsExpertise/go-battleclank/logic.go:588.42,590.4 1 19
github.com/ErwinsExpertise/go-battleclank/logic.go:593.2,593.43 1 147
github.com/ErwinsExpertise/go-battleclank/logic.go:593.43,595.31 1 233
github.com/ErwinsExpertise/go-battleclank/logic.go:595.31,596.12 1 142
github.com/ErwinsExpertise/go-battleclank/logic.go:600.3,600.38 1 91
github.com/ErwinsExpertise/go-battleclank/logic.go:600.38,602.32 2 277
github.com/ErwinsExpertise/go-battleclank/logic.go:602.32,604.5 1 54
github.com/ErwinsExpertise/go-battleclank/logic.go:609.3,614.39 2 37
github.com/ErwinsExpertise/go-battleclank/logic.go:614.39,617.4 1 2
github.com/ErwinsExpertise/go-battleclank/logic.go:622.3,623.45 2 35
github.com/ErwinsExpertise/go-battleclank/logic.go:623.45,624.18 1 11
github.com/ErwinsExpertise/go-battleclank/logic.go:624.18,626.29 1 1
github.com/ErwinsExpertise/go-battleclank/logic.go:626.29,628.6 1 0
github.com/ErwinsExpertise/go-battleclank/logic.go:629.10,631.29 1 10
github.com/ErwinsExpertise/go-battleclank/logic.go:631.29,633.6 1 0
github.com/ErwinsExpertise/go-battleclank/logic.go:638.2,638.14 1 91
github.com/ErwinsExpertise/go-battleclank/logic.go:643.68,647.43 3 154
github.com/ErwinsExpertise/go-battleclank/logic.go:647.43,648.31 1 253
github.com/ErwinsExpertise/go-battleclank/logic.go:648.31,649.12 1 154
github.com/ErwinsExpertise/go-battleclank/logic.go:653.3,654.71 2 99
github.com/ErwinsExpertise/go-battleclank/logic.go:654.71,659.64 2 396
github.com/ErwinsExpertise/go-battleclank/logic.go:659.64,660.13 1 6
github.com/ErwinsExpertise/go-battleclank/logic.go:663.4,663.58 1 390
github.com/ErwinsExpertise/go-battleclank/logic.go:663.58,665.33 1 4
github.com/ErwinsExpertise/go-battleclank/logic.go:665.33,667.6 1 4
github.com/ErwinsExpertise/go-battleclank/logic.go:667.11,670.6 1 0
github.com/ErwinsExpertise/go-battleclank/logic.go:675.2,675.13 1 154
github.com/ErwinsExpertise/go-battleclank/logic.go:680.65,683.43 2 155
github.com/ErwinsExpertise/go-battleclank/logic.go:683.43,684.31 1 255
github.com/ErwinsExpertise/go-battleclank/logic.go:684.31,685.12 1 155
github.com/ErwinsExpertise/go-battleclank/logic.go:689.3,689.71 1 100
github.com/ErwinsExpertise/go-battleclank/logic.go:689.71,693.42 2 400
github.com/ErwinsExpertise/go-battleclank/logic.go:693.42,694.13 1 106
github.com/ErwinsExpertise/go-battleclank/logic.go:698.4,698.60 1 294
github.com/ErwinsExpertise/go-battleclank/logic.go:702.2,702.19 1 155
github.com/ErwinsExpertise/go-battleclank/logic.go:709.70,710.39 1 2
github.com/ErwinsExpertise/go-battleclank/logic.go:710.39,712.3 1 0
github.com/ErwinsExpertise/go-battleclank/logic.go:714.2,718.40 3 2
github.com/ErwinsExpertise/go-battleclank/logic.go:718.40,720.3 1 0
github.com/ErwinsExpertise/go-battleclank/logic.go:725.2,732.43 3 2
github.com/ErwinsExpertise/go-battleclank/logic.go:732.43,734.3 1 12
github.com/ErwinsExpertise/go-battleclank/logic.go:737.2,754.43 2 2
github.com/ErwinsExpertise/go-battleclank/logic.go:754.43,755.31 1 2
github.com/ErwinsExpertise/go-battleclank/logic.go:755.31,757.4 1 2
github.com/ErwinsExpertise/go-battleclank/logic.go:757.9,759.4 1 0
github.com/ErwinsExpertise/go-battleclank/logic.go:764.2,765.70 2 2
github.com/ErwinsExpertise/go-battleclank/logic.go:765.70,767.45 2 8
github.com/ErwinsExpertise/go-battleclank/logic.go:767.45,769.4 1 6
github.com/ErwinsExpertise/go-battleclank/logic.go:776.2,776.28 1 2
github.com/ErwinsExpertise/go-battleclank/logic.go:780.66,786.18 5 155
github.com/ErwinsExpertise/go-battleclank/logic.go:786.18,788.3 1 0
github.com/ErwinsExpertise/go-battleclank/logic.go:789.2,789.49 1 155
github.com/ErwinsExpertise/go-battleclank/logic.go:793.64,794.29 1 6
github.com/ErwinsExpertise/go-battleclank/logic.go:794.29,796.3 1 0
github.com/ErwinsExpertise/go-battleclank/logic.go:798.2,801.15 3 6
github.com/ErwinsExpertise/go-battleclank/logic.go:801.15,803.3 1 2
github.com/ErwinsExpertise/go-battleclank/logic.go:804.2,804.28 1 4
github.com/ErwinsExpertise/go-battleclank/logic.go:809.42,812.2 1 313
github.com/ErwinsExpertise/go-battleclank/logic.go:818.64,827.35 6 111
github.com/ErwinsExpertise/go-battleclank/logic.go:827.35,829.3 1 17
github.com/ErwinsExpertise/go-battleclank/logic.go:830.2,830.36 1 111
github.com/ErwinsExpertise/go-battleclank/logic.go:830.36,832.3 1 18
github.com/ErwinsExpertise/go-battleclank/logic.go:833.2,833.33 1 111
github.com/ErwinsExpertise/go-battleclank/logic.go:833.33,835.3 1 18
github.com/ErwinsExpertise/go-battleclank/logic.go:843.2,844.23 2 111
github.com/ErwinsExpertise/go-battleclank/logic.go:845.9,846.16 1 11
github.com/ErwinsExpertise/go-battleclank/logic.go:847.9,848.16 1 17
github.com/ErwinsExpertise/go-battleclank/logic.go:849.9,850.16 1 17
github.com/ErwinsExpertise/go-battleclank/logic.go:851.9,852.16 1 22
github.com/ErwinsExpertise/go-battleclank/logic.go:853.10,854.16 1 44
github.com/ErwinsExpertise/go-battleclank/logic.go:859.2,860.23 2 111
github.com/ErwinsExpertise/go-battleclank/logic.go:860.23,862.3 1 33
github.com/ErwinsExpertise/go-battleclank/logic.go:863.2,863.24 1 111
github.com/ErwinsExpertise/go-battleclank/logic.go:863.24,865.3 1 4
github.com/ErwinsExpertise/go-battleclank/logic.go:866.2,866.25 1 111
github.com/ErwinsExpertise/go-battleclank/logic.go:866.25,868.3 1 4
github.com/ErwinsExpertise/go-battleclank/logic.go:869.2,869.22 1 111
github.com/ErwinsExpertise/go-battleclank/logic.go:869.22,871.3 1 16
github.com/ErwinsExpertise/go-battleclank/logic.go:874.2,874.22 1 111
github.com/ErwinsExpertise/go-battleclank/logic.go:874.22,876.3 1 12
github.com/ErwinsExpertise/go-battleclank/logic.go:878.2,878.16 1 111
github.com/ErwinsExpertise/go-battleclank/logic.go:885.64,894.35 6 7
github.com/ErwinsExpertise/go-battleclank/logic.go:894.35,896.3 1 2
github.com/ErwinsExpertise/go-battleclank/logic.go:897.2,897.36 1 7
github.com/ErwinsExpertise/go-battleclank/logic.go:897.36,899.3 1 0
github.com/ErwinsExpertise/go-battleclank/logic.go:900.2,900.33 1 7
github.com/ErwinsExpertise/go-battleclank/logic.go:900.33,902.3 1 1
github.com/ErwinsExpertise/go-battleclank/logic.go:905.2,908.23 2 7
github.com/ErwinsExpertise/go-battleclank/logic.go:908.23,910.3 1 3
github.com/ErwinsExpertise/go-battleclank/logic.go:911.2,911.24 1 7
github.com/ErwinsExpertise/go-battleclank/logic.go:911.24,913.3 1 2
github.com/ErwinsExpertise/go-battleclank/logic.go:914.2,914.25 1 7
github.com/ErwinsExpertise/go-battleclank/logic.go:914.25,916.3 1 2
github.com/ErwinsExpertise/go-battleclank/logic.go:917.2,917.22 1 7
github.com/ErwinsExpertise/go-battleclank/logic.go:917.22,919.3 1 3
github.com/ErwinsExpertise/go-battleclank/logic.go:925.2,926.27 2 7
github.com/ErwinsExpertise/go-battleclank/logic.go:927.9,928.16 1 1
github.com/ErwinsExpertise/go-battleclank/logic.go:929.9,930.16 1 2
github.com/ErwinsExpertise/go-battleclank/logic.go:931.9,932.16 1 4
github.com/ErwinsExpertise/go-battleclank/logic.go:933.10,934.16 1 0
github.com/ErwinsExpertise/go-battleclank/logic.go:938.2,938.24 1 7
github.com/ErwinsExpertise/go-battleclank/logic.go:938.24,940.3 1 6
github.com/ErwinsExpertise/go-battleclank/logic.go:942.2,942.16 1 7
github.com/ErwinsExpertise/go-battleclank/logic.go:946.40,948.2 1 2669
github.com/ErwinsExpertise/go-battleclank/logic.go:951.21,952.11 1 5373
github.com/ErwinsExpertise/go-battleclank/logic.go:952.11,954.3 1 3266
github.com/ErwinsExpertise/go-battleclank/logic.go:955.2,955.10 1 2107
github.com/ErwinsExpertise/go-battleclank/logic.go:961.45,964.43 2 282
github.com/ErwinsExpertise/go-battleclank/logic.go:964.43,966.31 1 468
github.com/ErwinsExpertise/go-battleclank/logic.go:966.31,967.12 1 282
github.com/ErwinsExpertise/go-battleclank/logic.go:971.3,972.35 2 186
github.com/ErwinsExpertise/go-battleclank/logic.go:972.35,974.4 1 70
github.com/ErwinsExpertise/go-battleclank/logic.go:977.2,977.14 1 212
github.com/ErwinsExpertise/go-battleclank/logic.go:982.42,986.43 3 156
github.com/ErwinsExpertise/go-battleclank/logic.go:986.43,987.31 1 256
github.com/ErwinsExpertise/go-battleclank/logic.go:987.31,988.12 1 156
github.com/ErwinsExpertise/go-battleclank/logic.go:992.3,997.49 3 100
github.com/ErwinsExpertise/go-battleclank/logic.go:997.49,999.4 1 1
github.com/ErwinsExpertise/go-battleclank/logic.go:1002.2,1002.14 1 155
github.com/ErwinsExpertise/go-battleclank/logic.go:1007.55,1012.70 3 156
github.com/ErwinsExpertise/go-battleclank/logic.go:1012.70,1017.53 2 624
github.com/ErwinsExpertise/go-battleclank/logic.go:1017.53,1018.12 1 7
github.com/ErwinsExpertise/go-battleclank/logic.go:1022.3,1024.44 3 617
github.com/ErwinsExpertise/go-battleclank/logic.go:1024.44,1025.39 1 911
github.com/ErwinsExpertise/go-battleclank/logic.go:1025.39,1027.60 1 3038
github.com/ErwinsExpertise/go-battleclank/logic.go:1027.60,1028.14 1 644
github.com/ErwinsExpertise/go-battleclank/logic.go:1030.5,1030.57 1 2394
github.com/ErwinsExpertise/go-battleclank/logic.go:1030.57,1032.34 2 174
github.com/ErwinsExpertise/go-battleclank/logic.go:1032.34,1034.7 1 14
github.com/ErwinsExpertise/go-battleclank/logic.go:1035.6,1035.11 1 174
github.com/ErwinsExpertise/go-battleclank/logic.go:1038.4,1038.15 1 911
github.com/ErwinsExpertise/go-battleclank/logic.go:1038.15,1039.10 1 174
github.com/ErwinsExpertise/go-battleclank/logic.go:1043.3,1043.15 1 617
github.com/ErwinsExpertise/go-battleclank/logic.go:1043.15,1045.4 1 443
github.com/ErwinsExpertise/go-battleclank/logic.go:1045.9,1045.28 1 174
github.com/ErwinsExpertise/go-battleclank/logic.go:1045.28,1047.4 1 14
github.com/ErwinsExpertise/go-battleclank/logic.go:1052.2,1052.21 1 156
github.com/ErwinsExpertise/go-battleclank/logic.go:1052.21,1054.3 1 1
github.com/ErwinsExpertise/go-battleclank/logic.go:1054.8,1054.28 1 155
github.com/ErwinsExpertise/go-battleclank/logic.go:1054.28,1056.3 1 1
github.com/ErwinsExpertise/go-battleclank/logic.go:1056.8,1056.53 1 154
github.com/ErwinsExpertise/go-battleclank/logic.go:1056.53,1058.3 1 0
github.com/ErwinsExpertise/go-battleclank/logic.go:1060.2,1060.12 1 154
github.com/ErwinsExpertise/go-battleclank/logic.go:1065.56,1072.43 4 163
github.com/ErwinsExpertise/go-battleclank/logic.go:1072.43,1074.3 1 126
github.com/ErwinsExpertise/go-battleclank/logic.go:1074.8,1074.38 1 37
github.com/ErwinsExpertise/go-battleclank/logic.go:1074.38,1076.3 1 8
github.com/ErwinsExpertise/go-battleclank/logic.go:1079.2,1079.33 1 163
github.com/ErwinsExpertise/go-battleclank/logic.go:1079.33,1084.44 4 107
github.com/ErwinsExpertise/go-battleclank/logic.go:1084.44,1085.32 1 220
github.com/ErwinsExpertise/go-battleclank/logic.go:1085.32,1088.36 3 113
github.com/ErwinsExpertise/go-battleclank/logic.go:1088.36,1090.6 1 113
github.com/ErwinsExpertise/go-battleclank/logic.go:1094.3,1094.21 1 107
github.com/ErwinsExpertise/go-battleclank/logic.go:1094.21,1098.57 2 107
github.com/ErwinsExpertise/go-battleclank/logic.go:1098.57,1100.5 1 10
github.com/ErwinsExpertise/go-battleclank/logic.go:1100.10,1100.38 1 97
github.com/ErwinsExpertise/go-battleclank/logic.go:1100.38,1102.5 1 1
github.com/ErwinsExpertise/go-battleclank/logic.go:1102.10,1102.64 1 96
github.com/ErwinsExpertise/go-battleclank/logic.go:1102.64,1104.5 1 18
github.com/ErwinsExpertise/go-battleclank/logic.go:1107.4,1107.44 1 107
github.com/ErwinsExpertise/go-battleclank/logic.go:1107.44,1109.5 1 11
github.com/ErwinsExpertise/go-battleclank/logic.go:1114.2,1115.19 2 163
github.com/ErwinsExpertise/go-battleclank/logic.go:1115.19,1117.3 1 0
github.com/ErwinsExpertise/go-battleclank/logic.go:1117.8,1117.26 1 163
github.com/ErwinsExpertise/go-battleclank/logic.go:1117.26,1119.3 1 163
github.com/ErwinsExpertise/go-battleclank/logic.go:1122.2,1123.21 2 163
github.com/ErwinsExpertise/go-battleclank/logic.go:1123.21,1125.3 1 21
github.com/ErwinsExpertise/go-battleclank/logic.go:1128.2,1128.15 1 163
github.com/ErwinsExpertise/go-battleclank/logic.go:1128.15,1130.3 1 1
github.com/ErwinsExpertise/go-battleclank/logic.go:1131.2,1131.15 1 163
github.com/ErwinsExpertise/go-battleclank/logic.go:1131.15,1133.3 1 0
github.com/ErwinsExpertise/go-battleclank/logic.go:1135.2,1135.14 1 163
github.com/ErwinsExpertise/go-battleclank/logic.go:1139.59,1146.29 6 273
github.com/ErwinsExpertise/go-battleclank/logic.go:1146.29,1148.3 1 4
github.com/ErwinsExpertise/go-battleclank/logic.go:1149.2,1149.30 1 273
github.com/ErwinsExpertise/go-battleclank/logic.go:1149.30,1151.3 1 1
github.com/ErwinsExpertise/go-battleclank/logic.go:1152.2,1152.27 1 273
github.com/ErwinsExpertise/go-battleclank/logic.go:1152.27,1154.3 1 28
github.com/ErwinsExpertise/go-battleclank/logic.go:1156.2,1156.16 1 273
github.com/ErwinsExpertise/go-battleclank/logic.go:1160.32,1161.22 1 0
github.com/ErwinsExpertise/go-battleclank/logic.go:1161.22,1163.3 1 0
github.com/ErwinsExpertise/go-battleclank/logic.go:1164.2,1165.31 2 0
github.com/ErwinsExpertise/go-battleclank/logic.go:1165.31,1166.14 1 0
github.com/ErwinsExpertise/go-battleclank/logic.go:1166.14,1168.4 1 0
github.com/ErwinsExpertise/go-battleclank/logic.go:1170.2,1170.12 1 0
github.com/ErwinsExpertise/go-battleclank/logic.go:1177.89,1180.2 2 23
github.com/ErwinsExpertise/go-battleclank/logic.go:1187.121,1189.22 1 23
github.com/ErwinsExpertise/go-battleclank/logic.go:1189.22,1191.3 1 0
github.com/ErwinsExpertise/go-battleclank/logic.go:1194.2,1194.89 1 23
github.com/ErwinsExpertise/go-battleclank/logic.go:1194.89,1196.3 1 0
github.com/ErwinsExpertise/go-battleclank/logic.go:1197.2,1197.18 1 23
github.com/ErwinsExpertise/go-battleclank/logic.go:1197.18,1199.3 1 0
github.com/ErwinsExpertise/go-battleclank/logic.go:1202.2,1202.43 1 23
github.com/ErwinsExpertise/go-battleclank/logic.go:1202.43,1203.38 1 46
[...]
github.com/ErwinsExpertise/go-battleclank/logic.go:1621.31,1623.9 2 0
github.com/ErwinsExpertise/go-battleclank/logic.go:1628.2,1634.18 4 0
github.com/ErwinsExpertise/go-battleclank/logic.go:1634.18,1637.3 1 0
github.com/ErwinsExpertise/go-battleclank/logic.go:1639.2,1639.12 1 0
github.com/ErwinsExpertise/go-battleclank/logic.go:1645.65,1656.43 6 0
github.com/ErwinsExpertise/go-battleclank/logic.go:1656.43,1660.43 2 0
github.com/ErwinsExpertise/go-battleclank/logic.go:1660.43,1661.12 1 0
github.com/ErwinsExpertise/go-battleclank/logic.go:1665.3,1667.37 2 0
github.com/ErwinsExpertise/go-battleclank/logic.go:1667.37,1669.4 1 0
github.com/ErwinsExpertise/go-battleclank/logic.go:1675.2,1675.44 1 0
github.com/ErwinsExpertise/go-battleclank/logic.go:1675.44,1677.3 1 0
github.com/ErwinsExpertise/go-battleclank/logic.go:1679.2,1679.12 1 0
github.com/ErwinsExpertise/go-battleclank/logic_refactored.go:14.62,34.40 8 1
github.com/ErwinsExpertise/go-battleclank/logic_refactored.go:34.40,36.3 1 4
github.com/ErwinsExpertise/go-battleclank/logic_refactored.go:38.2,52.3 3 1
github.com/ErwinsExpertise/go-battleclank/logic_refactored.go:56.66,59.49 2 1
github.com/ErwinsExpertise/go-battleclank/logic_refactored.go:59.49,61.39 2 1
github.com/ErwinsExpertise/go-battleclank/logic_refactored.go:61.39,63.4 1 3
github.com/ErwinsExpertise/go-battleclank/logic_refactored.go:65.3,72.4 1 1
github.com/ErwinsExpertise/go-battleclank/logic_refactored.go:76.2,77.40 2 1
github.com/ErwinsExpertise/go-battleclank/logic_refactored.go:77.40,79.3 1 0
github.com/ErwinsExpertise/go-battleclank/logic_refactored.go:82.2,83.43 2 1
github.com/ErwinsExpertise/go-battleclank/logic_refactored.go:83.43,85.3 1 0
github.com/ErwinsExpertise/go-battleclank/logic_refactored.go:88.2,89.42 2 1
github.com/ErwinsExpertise/go-battleclank/logic_refactored.go:89.42,91.3 1 3
github.com/ErwinsExpertise/go-battleclank/logic_refactored.go:93.2,112.3 2 1
github.com/ErwinsExpertise/go-battleclank/logic_refactored.go:116.39,118.2 1 1
github.com/ErwinsExpertise/go-battleclank/logic_refactored.go:121.37,123.2 1 1
github.com/ErwinsExpertise/go-battleclank/main.go:15.13,17.34 1 0
github.com/ErwinsExpertise/go-battleclank/main.go:17.34,18.40 1 0
github.com/ErwinsExpertise/go-battleclank/main.go:18.40,23.4 4 0
github.com/ErwinsExpertise/go-battleclank/main.go:26.2,26.13 1 0
github.com/ErwinsExpertise/go-battleclank/server.go:13.58,18.16 4 1
github.com/ErwinsExpertise/go-battleclank/server.go:18.16,20.3 1 0
github.com/ErwinsExpertise/go-battleclank/server.go:24.58,27.16 3 1
github.com/ErwinsExpertise/go-battleclank/server.go:27.16,30.3 2 0
github.com/ErwinsExpertise/go-battleclank/server.go:33.2,34.15 2 1
github.com/ErwinsExpertise/go-battleclank/server.go:34.15,36.3 1 0
github.com/ErwinsExpertise/go-battleclank/server.go:36.8,38.3 1 1
github.com/ErwinsExpertise/go-battleclank/server.go:41.2,41.30 1 1
github.com/ErwinsExpertise/go-battleclank/server.go:45.57,48.16 3 2
github.com/ErwinsExpertise/go-battleclank/server.go:48.16,51.3 2 1
github.com/ErwinsExpertise/go-battleclank/server.go:54.2,57.15 3 1
github.com/ErwinsExpertise/go-battleclank/server.go:57.15,59.3 1 0
github.com/ErwinsExpertise/go-battleclank/server.go:59.8,61.3 1 1
github.com/ErwinsExpertise/go-battleclank/server.go:63.2,65.16 3 1
github.com/ErwinsExpertise/go-battleclank/server.go:65.16,68.3 2 0
github.com/ErwinsExpertise/go-battleclank/server.go:72.56,75.16 3 1
github.com/ErwinsExpertise/go-battleclank/server.go:75.16,78.3 2 0
github.com/ErwinsExpertise/go-battleclank/server.go:81.2,82.15 2 1
github.com/ErwinsExpertise/go-battleclank/server.go:82.15,84.3 1 0
github.com/ErwinsExpertise/go-battleclank/server.go:84.8,86.3 1 1
github.com/ErwinsExpertise/go-battleclank/server.go:89.2,89.30 1 1
github.com/ErwinsExpertise/go-battleclank/server.go:96.59,97.54 1 1
github.com/ErwinsExpertise/go-battleclank/server.go:97.54,100.3 2 1
github.com/ErwinsExpertise/go-battleclank/server.go:104.18,106.20 2 0
github.com/ErwinsExpertise/go-battleclank/server.go:106.20,108.3 1 0
github.com/ErwinsExpertise/go-battleclank/server.go:110.2,116.47 6 0
github.com/ErwinsExpertise/go-battleclank/engine/board/board.go:39.44,41.2 1 23
github.com/ErwinsExpertise/go-battleclank/engine/board/board.go:45.60,46.33 1 5
github.com/ErwinsExpertise/go-battleclank/engine/board/board.go:46.33,47.38 1 5
github.com/ErwinsExpertise/go-battleclank/engine/board/board.go:47.38,49.66 1 12
github.com/ErwinsExpertise/go-battleclank/engine/board/board.go:49.66,50.13 1 1
github.com/ErwinsExpertise/go-battleclank/engine/board/board.go:52.4,52.48 1 11
github.com/ErwinsExpertise/go-battleclank/engine/board/board.go:52.48,54.5 1 3
github.com/ErwinsExpertise/go-battleclank/engine/board/board.go:57.2,57.14 1 2
github.com/ErwinsExpertise/go-battleclank/engine/board/board.go:61.48,62.26 1 0
github.com/ErwinsExpertise/go-battleclank/engine/board/board.go:62.26,63.27 1 0
github.com/ErwinsExpertise/go-battleclank/engine/board/board.go:63.27,65.4 1 0
github.com/ErwinsExpertise/go-battleclank/engine/board/board.go:67.2,67.12 1 0
github.com/ErwinsExpertise/go-battleclank/engine/board/board.go:71.40,74.12 3 5
github.com/ErwinsExpertise/go-battleclank/engine/board/board.go:74.12,76.3 1 3
github.com/ErwinsExpertise/go-battleclank/engine/board/board.go:77.2,77.12 1 5
github.com/ErwinsExpertise/go-battleclank/engine/board/board.go:77.12,79.3 1 3
github.com/ErwinsExpertise/go-battleclank/engine/board/board.go:80.2,80.16 1 5
github.com/ErwinsExpertise/go-battleclank/engine/board/board.go:84.49,93.33 3 4
github.com/ErwinsExpertise/go-battleclank/engine/board/board.go:93.33,95.27 2 16
github.com/ErwinsExpertise/go-battleclank/engine/board/board.go:95.27,97.4 1 11
github.com/ErwinsExpertise/go-battleclank/engine/board/board.go:100.2,100.18 1 4
github.com/ErwinsExpertise/go-battleclank/engine/board/board.go:112.26,114.2 1 0
github.com/ErwinsExpertise/go-battleclank/engine/board/board.go:117.52,118.14 1 4
github.com/ErwinsExpertise/go-battleclank/engine/board/board.go:119.14,120.39 1 1
github.com/ErwinsExpertise/go-battleclank/engine/board/board.go:121.16,122.39 1 1
github.com/ErwinsExpertise/go-battleclank/engine/board/board.go:123.16,124.39 1 1
github.com/ErwinsExpertise/go-battleclank/engine/board/board.go:125.17,126.39 1 1
github.com/ErwinsExpertise/go-battleclank/engine/board/board.go:128.2,128.12 1 0
github.com/ErwinsExpertise/go-battleclank/policy/aggression.go:30.88,38.43 5 3
github.com/ErwinsExpertise/go-battleclank/policy/aggression.go:38.43,41.3 2 2
github.com/ErwinsExpertise/go-battleclank/policy/aggression.go:41.8,41.38 1 1
github.com/ErwinsExpertise/go-battleclank/policy/aggression.go:41.38,44.3 2 1
github.com/ErwinsExpertise/go-battleclank/policy/aggression.go:47.2,48.33 2 3
github.com/ErwinsExpertise/go-battleclank/policy/aggression.go:48.33,53.44 4 3
github.com/ErwinsExpertise/go-battleclank/policy/aggression.go:53.44,54.32 1 6
github.com/ErwinsExpertise/go-battleclank/policy/aggression.go:54.32,57.36 3 3
github.com/ErwinsExpertise/go-battleclank/policy/aggression.go:57.36,59.6 1 3
github.com/ErwinsExpertise/go-battleclank/policy/aggression.go:63.3,63.21 1 3
github.com/ErwinsExpertise/go-battleclank/policy/aggression.go:63.21,67.57 2 3
github.com/ErwinsExpertise/go-battleclank/policy/aggression.go:67.57,70.5 2 1
github.com/ErwinsExpertise/go-battleclank/policy/aggression.go:70.10,70.38 1 2
github.com/ErwinsExpertise/go-battleclank/policy/aggression.go:70.38,73.5 2 0
github.com/ErwinsExpertise/go-battleclank/policy/aggression.go:73.10,73.64 1 2
github.com/ErwinsExpertise/go-battleclank/policy/aggression.go:73.64,76.5 2 1
github.com/ErwinsExpertise/go-battleclank/policy/aggression.go:79.4,79.44 1 3
github.com/ErwinsExpertise/go-battleclank/policy/aggression.go:79.44,82.5 2 1
github.com/ErwinsExpertise/go-battleclank/policy/aggression.go:87.2,88.19 2 3
github.com/ErwinsExpertise/go-battleclank/policy/aggression.go:88.19,91.3 2 1
github.com/ErwinsExpertise/go-battleclank/policy/aggression.go:91.8,91.26 1 2
github.com/ErwinsExpertise/go-battleclank/policy/aggression.go:91.26,94.3 2 0
github.com/ErwinsExpertise/go-battleclank/policy/aggression.go:97.2,99.21 3 3
github.com/ErwinsExpertise/go-battleclank/policy/aggression.go:99.21,102.3 2 0
github.com/ErwinsExpertise/go-battleclank/policy/aggression.go:105.2,105.15 1 3
github.com/ErwinsExpertise/go-battleclank/policy/aggression.go:105.15,107.3 1 0
github.com/ErwinsExpertise/go-battleclank/policy/aggression.go:108.2,108.15 1 3
github.com/ErwinsExpertise/go-battleclank/policy/aggression.go:108.15,110.3 1 1
github.com/ErwinsExpertise/go-battleclank/policy/aggression.go:112.2,118.3 1 3
github.com/ErwinsExpertise/go-battleclank/policy/aggression.go:122.72,129.29 6 3
github.com/ErwinsExpertise/go-battleclank/policy/aggression.go:129.29,131.3 1 0
github.com/ErwinsExpertise/go-battleclank/policy/aggression.go:132.2,132.30 1 3
github.com/ErwinsExpertise/go-battleclank/policy/aggression.go:132.30,134.3 1 0
github.com/ErwinsExpertise/go-battleclank/policy/aggression.go:135.2,135.27 1 3
github.com/ErwinsExpertise/go-battleclank/policy/aggression.go:135.27,137.3 1 0
github.com/ErwinsExpertise/go-battleclank/policy/aggression.go:139.2,139.16 1 3
github.com/ErwinsExpertise/go-battleclank/policy/aggression.go:143.57,145.2 1 3
github.com/ErwinsExpertise/go-battleclank/policy/aggression.go:148.64,150.2 1 3
github.com/ErwinsExpertise/go-battleclank/policy/aggression.go:153.97,154.39 1 6
github.com/ErwinsExpertise/go-battleclank/policy/aggression.go:154.39,156.17 1 2
github.com/ErwinsExpertise/go-battleclank/policy/aggression.go:156.17,158.4 1 1
github.com/ErwinsExpertise/go-battleclank/policy/aggression.go:159.3,159.15 1 1
github.com/ErwinsExpertise/go-battleclank/policy/aggression.go:160.8,160.41 1 4
github.com/ErwinsExpertise/go-battleclank/policy/aggression.go:160.41,162.17 1 2
github.com/ErwinsExpertise/go-battleclank/policy/aggression.go:162.17,164.4 1 1
github.com/ErwinsExpertise/go-battleclank/policy/aggression.go:165.3,165.15 1 1
github.com/ErwinsExpertise/go-battleclank/policy/aggression.go:166.8,166.34 1 2
github.com/ErwinsExpertise/go-battleclank/policy/aggression.go:166.34,169.17 2 0
github.com/ErwinsExpertise/go-battleclank/policy/aggression.go:169.17,171.4 1 0
github.com/ErwinsExpertise/go-battleclank/policy/aggression.go:172.3,172.20 1 0
github.com/ErwinsExpertise/go-battleclank/policy/aggression.go:173.8,176.22 2 2
github.com/ErwinsExpertise/go-battleclank/policy/aggression.go:176.22,178.4 1 2
github.com/ErwinsExpertise/go-battleclank/policy/aggression.go:180.3,180.17 1 2
github.com/ErwinsExpertise/go-battleclank/policy/aggression.go:180.17,182.4 1 1
github.com/ErwinsExpertise/go-battleclank/policy/aggression.go:183.3,183.20 1 1
github.com/ErwinsExpertise/go-battleclank/policy/aggression.go:188.69,192.43 3 3
github.com/ErwinsExpertise/go-battleclank/policy/aggression.go:192.43,193.31 1 6
github.com/ErwinsExpertise/go-battleclank/policy/aggression.go:193.31,194.12 1 3
github.com/ErwinsExpertise/go-battleclank/policy/aggression.go:197.3,198.30 2 3
github.com/ErwinsExpertise/go-battleclank/policy/aggression.go:198.30,200.33 1 2
github.com/ErwinsExpertise/go-battleclank/policy/aggression.go:200.33,202.5 1 1
github.com/ErwinsExpertise/go-battleclank/policy/aggression.go:206.2,206.14 1 2
github.com/ErwinsExpertise/go-battleclank/tests/sims/batch.go:56.58,58.22 2 6
github.com/ErwinsExpertise/go-battleclank/tests/sims/batch.go:58.22,60.3 1 5
github.com/ErwinsExpertise/go-battleclank/tests/sims/batch.go:60.8,62.3 1 1
github.com/ErwinsExpertise/go-battleclank/tests/sims/batch.go:64.2,65.15 2 6
github.com/ErwinsExpertise/go-battleclank/tests/sims/batch.go:65.15,67.3 1 0
github.com/ErwinsExpertise/go-battleclank/tests/sims/batch.go:69.2,73.3 1 6
github.com/ErwinsExpertise/go-battleclank/tests/sims/batch.go:77.48,84.42 2 6
github.com/ErwinsExpertise/go-battleclank/tests/sims/batch.go:84.42,88.21 3 65
github.com/ErwinsExpertise/go-battleclank/tests/sims/batch.go:88.21,90.4 1 44
github.com/ErwinsExpertise/go-battleclank/tests/sims/batch.go:90.9,92.4 1 21
github.com/ErwinsExpertise/go-battleclank/tests/sims/batch.go:94.3,94.46 1 65
github.com/ErwinsExpertise/go-battleclank/tests/sims/batch.go:98.2,98.28 1 6
github.com/ErwinsExpertise/go-battleclank/tests/sims/batch.go:98.28,103.38 4 6
github.com/ErwinsExpertise/go-battleclank/tests/sims/batch.go:103.38,107.4 3 65
github.com/ErwinsExpertise/go-battleclank/tests/sims/batch.go:109.3,111.78 3 6
github.com/ErwinsExpertise/go-battleclank/tests/sims/batch.go:114.2,114.16 1 6
github.com/ErwinsExpertise/go-battleclank/tests/sims/batch.go:118.62,129.51 3 65
github.com/ErwinsExpertise/go-battleclank/tests/sims/batch.go:129.51,131.34 1 5623
github.com/ErwinsExpertise/go-battleclank/tests/sims/batch.go:131.34,136.4 4 4
github.com/ErwinsExpertise/go-battleclank/tests/sims/batch.go:139.3,140.22 2 5619
github.com/ErwinsExpertise/go-battleclank/tests/sims/batch.go:140.22,145.4 4 0
github.com/ErwinsExpertise/go-battleclank/tests/sims/batch.go:147.3,153.35 4 5619
github.com/ErwinsExpertise/go-battleclank/tests/sims/batch.go:153.35,155.4 1 0
github.com/ErwinsExpertise/go-battleclank/tests/sims/batch.go:158.3,163.53 4 5619
github.com/ErwinsExpertise/go-battleclank/tests/sims/batch.go:163.53,165.4 1 252
github.com/ErwinsExpertise/go-battleclank/tests/sims/batch.go:168.3,175.44 4 5619
github.com/ErwinsExpertise/go-battleclank/tests/sims/batch.go:175.44,176.45 1 15873
github.com/ErwinsExpertise/go-battleclank/tests/sims/batch.go:176.45,178.5 1 10259
github.com/ErwinsExpertise/go-battleclank/tests/sims/batch.go:180.3,180.24 1 5619
github.com/ErwinsExpertise/go-battleclank/tests/sims/batch.go:180.24,186.4 4 6
github.com/ErwinsExpertise/go-battleclank/tests/sims/batch.go:189.3,189.47 1 5613
github.com/ErwinsExpertise/go-battleclank/tests/sims/batch.go:189.47,191.4 1 405
github.com/ErwinsExpertise/go-battleclank/tests/sims/batch.go:195.2,203.43 6 55
github.com/ErwinsExpertise/go-battleclank/tests/sims/batch.go:203.43,204.23 1 153
github.com/ErwinsExpertise/go-battleclank/tests/sims/batch.go:204.23,206.25 2 153
github.com/ErwinsExpertise/go-battleclank/tests/sims/batch.go:206.25,208.5 1 54
github.com/ErwinsExpertise/go-battleclank/tests/sims/batch.go:208.10,208.48 1 99
github.com/ErwinsExpertise/go-battleclank/tests/sims/batch.go:208.48,210.5 1 76
github.com/ErwinsExpertise/go-battleclank/tests/sims/batch.go:217.2,217.56 1 55
github.com/ErwinsExpertise/go-battleclank/tests/sims/batch.go:217.56,219.3 1 38
github.com/ErwinsExpertise/go-battleclank/tests/sims/batch.go:219.8,222.3 2 17
github.com/ErwinsExpertise/go-battleclank/tests/sims/batch.go:224.2,224.16 1 55
github.com/ErwinsExpertise/go-battleclank/tests/sims/batch.go:228.62,243.45 4 65
github.com/ErwinsExpertise/go-battleclank/tests/sims/batch.go:243.45,253.3 2 120
github.com/ErwinsExpertise/go-battleclank/tests/sims/batch.go:256.2,257.25 2 65
github.com/ErwinsExpertise/go-battleclank/tests/sims/batch.go:257.25,259.3 1 195
github.com/ErwinsExpertise/go-battleclank/tests/sims/batch.go:261.2,271.3 1 65
github.com/ErwinsExpertise/go-battleclank/tests/sims/batch.go:275.53,280.2 1 785
github.com/ErwinsExpertise/go-battleclank/tests/sims/batch.go:283.84,286.43 2 5619
github.com/ErwinsExpertise/go-battleclank/tests/sims/batch.go:286.43,287.24 1 15892
github.com/ErwinsExpertise/go-battleclank/tests/sims/batch.go:287.24,288.12 1 5619
github.com/ErwinsExpertise/go-battleclank/tests/sims/batch.go:292.3,293.26 2 10273
github.com/ErwinsExpertise/go-battleclank/tests/sims/batch.go:293.26,297.4 2 10245
github.com/ErwinsExpertise/go-battleclank/tests/sims/batch.go:300.2,300.17 1 5619
github.com/ErwinsExpertise/go-battleclank/tests/sims/batch.go:304.82,307.43 2 5619
github.com/ErwinsExpertise/go-battleclank/tests/sims/batch.go:307.43,309.61 1 15892
github.com/ErwinsExpertise/go-battleclank/tests/sims/batch.go:309.61,311.4 1 15873
github.com/ErwinsExpertise/go-battleclank/tests/sims/batch.go:314.2,318.36 3 5619
github.com/ErwinsExpertise/go-battleclank/tests/sims/batch.go:318.36,319.31 1 5623
github.com/ErwinsExpertise/go-battleclank/tests/sims/batch.go:319.31,321.9 2 5614
github.com/ErwinsExpertise/go-battleclank/tests/sims/batch.go:325.2,325.18 1 5619
github.com/ErwinsExpertise/go-battleclank/tests/sims/batch.go:329.75,334.2 4 405
github.com/ErwinsExpertise/go-battleclank/tests/sims/batch.go:337.64,338.43 1 5623
github.com/ErwinsExpertise/go-battleclank/tests/sims/batch.go:338.43,339.46 1 5626
github.com/ErwinsExpertise/go-battleclank/tests/sims/batch.go:339.46,341.4 1 5619
github.com/ErwinsExpertise/go-battleclank/tests/sims/batch.go:343.2,343.14 1 4
github.com/ErwinsExpertise/go-battleclank/tests/sims/batch.go:347.69,350.21 2 4
github.com/ErwinsExpertise/go-battleclank/tests/sims/batch.go:350.21,352.3 1 4
github.com/ErwinsExpertise/go-battleclank/tests/sims/batch.go:355.2,355.26 1 0
github.com/ErwinsExpertise/go-battleclank/tests/sims/batch.go:355.26,357.3 1 0
github.com/ErwinsExpertise/go-battleclank/tests/sims/batch.go:360.2,360.44 1 0
github.com/ErwinsExpertise/go-battleclank/tests/sims/batch.go:360.44,362.3 1 0
github.com/ErwinsExpertise/go-battleclank/tests/sims/batch.go:365.2,365.50 1 0
github.com/ErwinsExpertise/go-battleclank/tests/sims/batch.go:365.50,367.3 1 0
github.com/ErwinsExpertise/go-battleclank/tests/sims/batch.go:370.2,370.43 1 0
github.com/ErwinsExpertise/go-battleclank/tests/sims/batch.go:370.43,371.24 1 0
github.com/ErwinsExpertise/go-battleclank/tests/sims/batch.go:371.24,372.12 1 0
github.com/ErwinsExpertise/go-battleclank/tests/sims/batch.go:374.3,374.73 1 0
github.com/ErwinsExpertise/go-battleclank/tests/sims/batch.go:374.73,375.39 1 0
github.com/ErwinsExpertise/go-battleclank/tests/sims/batch.go:375.39,377.5 1 0
github.com/ErwinsExpertise/go-battleclank/tests/sims/batch.go:382.2,382.18 1 0
github.com/ErwinsExpertise/go-battleclank/tests/sims/batch.go:386.46,399.50 11 0
github.com/ErwinsExpertise/go-battleclank/tests/sims/batch.go:399.50,402.3 2 0
github.com/ErwinsExpertise/go-battleclank/tests/sims/batch.go:404.2,404.199 1 0
github.com/ErwinsExpertise/go-battleclank/tests/sims/harness.go:40.50,42.15 2 4
github.com/ErwinsExpertise/go-battleclank/tests/sims/harness.go:42.15,44.3 1 2
github.com/ErwinsExpertise/go-battleclank/tests/sims/harness.go:44.8,46.3 1 2
github.com/ErwinsExpertise/go-battleclank/tests/sims/harness.go:48.2,51.3 1 4
github.com/ErwinsExpertise/go-battleclank/tests/sims/harness.go:55.58,57.2 1 8
github.com/ErwinsExpertise/go-battleclank/tests/sims/harness.go:60.45,63.39 2 4
github.com/ErwinsExpertise/go-battleclank/tests/sims/harness.go:63.39,66.3 2 8
github.com/ErwinsExpertise/go-battleclank/tests/sims/harness.go:68.2,68.16 1 4
github.com/ErwinsExpertise/go-battleclank/tests/sims/harness.go:72.69,85.72 4 8
github.com/ErwinsExpertise/go-battleclank/tests/sims/harness.go:85.72,88.3 2 0
github.com/ErwinsExpertise/go-battleclank/tests/sims/harness.go:91.2,91.28 1 8
github.com/ErwinsExpertise/go-battleclank/tests/sims/harness.go:91.28,94.98 2 8
github.com/ErwinsExpertise/go-battleclank/tests/sims/harness.go:94.98,97.4 2 0
github.com/ErwinsExpertise/go-battleclank/tests/sims/harness.go:100.2,100.19 1 8
github.com/ErwinsExpertise/go-battleclank/tests/sims/harness.go:100.19,102.3 1 8
github.com/ErwinsExpertise/go-battleclank/tests/sims/harness.go:104.2,104.15 1 8
github.com/ErwinsExpertise/go-battleclank/tests/sims/harness.go:108.41,115.33 5 0
github.com/ErwinsExpertise/go-battleclank/tests/sims/harness.go:115.33,117.21 2 0
github.com/ErwinsExpertise/go-battleclank/tests/sims/harness.go:117.21,119.4 1 0
github.com/ErwinsExpertise/go-battleclank/tests/sims/harness.go:119.9,121.4 1 0
github.com/ErwinsExpertise/go-battleclank/tests/sims/harness.go:123.3,126.32 2 0
github.com/ErwinsExpertise/go-battleclank/tests/sims/harness.go:126.32,129.4 1 0
github.com/ErwinsExpertise/go-battleclank/tests/sims/harness.go:132.2,134.53 2 0
github.com/ErwinsExpertise/go-battleclank/tests/sims/harness.go:138.52,196.2 1 3
